Connecting to database specified by database.yml
  [1m[36m (16.6ms)[0m  [1mselect sqlite_version(*)[0m
  [1m[35m (1.4ms)[0m  CREATE TABLE "schema_migrations" ("version" varchar(255) NOT NULL) 
  [1m[36m (0.0ms)[0m  [1mPRAGMA index_list("schema_migrations")[0m
  [1m[35m (1.4ms)[0m  CREATE UNIQUE INDEX "unique_schema_migrations" ON "schema_migrations" ("version")
  [1m[36m (0.1ms)[0m  [1mSELECT "schema_migrations"."version" FROM "schema_migrations" [0m
Migrating to CreatePaintings (20120919225024)
  [1m[35m (0.0ms)[0m  begin transaction
  [1m[36m (0.6ms)[0m  [1mCREATE TABLE "paintings" ("id" INTEGER PRIMARY KEY AUTOINCREMENT NOT NULL, "name" varchar(255), "image" varchar(255), "created_at" datetime NOT NULL, "updated_at" datetime NOT NULL) [0m
  [1m[35m (0.2ms)[0m  INSERT INTO "schema_migrations" ("version") VALUES ('20120919225024')
  [1m[36m (2.4ms)[0m  [1mcommit transaction[0m
Migrating to AddImageProcessedToPaintings (20120926230541)
  [1m[35m (0.1ms)[0m  begin transaction
  [1m[36m (22.0ms)[0m  [1mALTER TABLE "paintings" ADD "image_processed" boolean[0m
  [1m[35m (0.2ms)[0m  INSERT INTO "schema_migrations" ("version") VALUES ('20120926230541')
  [1m[36m (11.4ms)[0m  [1mcommit transaction[0m
  [1m[35m (0.2ms)[0m  select sqlite_version(*)
  [1m[36m (0.1ms)[0m  [1mSELECT "schema_migrations"."version" FROM "schema_migrations" [0m
  [1m[35m (0.0ms)[0m  PRAGMA index_list("paintings")
Connecting to database specified by database.yml
Connecting to database specified by database.yml


Started GET "/" for 127.0.0.1 at 2014-01-14 13:11:37 -0700
Processing by PaintingsController#index as HTML
  [1m[36mPainting Load (0.1ms)[0m  [1mSELECT "paintings".* FROM "paintings" [0m
  Rendered collection (0.0ms)
  Rendered paintings/index.html.erb within layouts/application (663.2ms)
Completed 500 Internal Server Error in 864ms

ActionView::Template::Error (can't convert nil into String):
    6: <div class="clear"></div>
    7: 
    8: <%= direct_upload_form_for @uploader do |f| %>
    9:   <p><%= f.file_field :image %></p>
    10:   <p><%= f.submit "Upload Image" %></p>
    11: <% end %>
  app/views/paintings/index.html.erb:9:in `block in _app_views_paintings_index_html_erb__2557847676495473903_70341413990420'
  app/views/paintings/index.html.erb:8:in `_app_views_paintings_index_html_erb__2557847676495473903_70341413990420'


  Rendered /usr/local/rvm/gems/ruby-1.9.3-p194/gems/actionpack-3.2.8/lib/action_dispatch/middleware/templates/rescues/_trace.erb (1.9ms)
  Rendered /usr/local/rvm/gems/ruby-1.9.3-p194/gems/actionpack-3.2.8/lib/action_dispatch/middleware/templates/rescues/_request_and_response.erb (1.2ms)
  Rendered /usr/local/rvm/gems/ruby-1.9.3-p194/gems/actionpack-3.2.8/lib/action_dispatch/middleware/templates/rescues/template_error.erb within rescues/layout (11.7ms)


Started GET "/" for 127.0.0.1 at 2014-01-14 13:13:56 -0700
Processing by PaintingsController#index as HTML
  [1m[35mPainting Load (0.2ms)[0m  SELECT "paintings".* FROM "paintings" 
  Rendered collection (0.0ms)
  Rendered paintings/index.html.erb within layouts/application (2.8ms)
Completed 500 Internal Server Error in 6ms

ActionView::Template::Error (can't convert nil into String):
    6: <div class="clear"></div>
    7: 
    8: <%= direct_upload_form_for @uploader do |f| %>
    9:   <p><%= f.file_field :image %></p>
    10:   <p><%= f.submit "Upload Image" %></p>
    11: <% end %>
  app/views/paintings/index.html.erb:9:in `block in _app_views_paintings_index_html_erb__2557847676495473903_70341413990420'
  app/views/paintings/index.html.erb:8:in `_app_views_paintings_index_html_erb__2557847676495473903_70341413990420'


  Rendered /usr/local/rvm/gems/ruby-1.9.3-p194/gems/actionpack-3.2.8/lib/action_dispatch/middleware/templates/rescues/_trace.erb (1.6ms)
  Rendered /usr/local/rvm/gems/ruby-1.9.3-p194/gems/actionpack-3.2.8/lib/action_dispatch/middleware/templates/rescues/_request_and_response.erb (1.0ms)
  Rendered /usr/local/rvm/gems/ruby-1.9.3-p194/gems/actionpack-3.2.8/lib/action_dispatch/middleware/templates/rescues/template_error.erb within rescues/layout (8.7ms)


Started GET "/" for 127.0.0.1 at 2014-01-14 13:17:22 -0700
Processing by PaintingsController#index as HTML
  [1m[36mPainting Load (0.1ms)[0m  [1mSELECT "paintings".* FROM "paintings" [0m
  Rendered collection (0.0ms)
  Rendered paintings/index.html.erb within layouts/application (2.6ms)
Completed 500 Internal Server Error in 6ms

ActionView::Template::Error (can't convert nil into String):
    6: <div class="clear"></div>
    7: 
    8: <%= direct_upload_form_for @uploader do |f| %>
    9:   <p><%= f.file_field :image %></p>
    10:   <p><%= f.submit "Upload Image" %></p>
    11: <% end %>
  app/views/paintings/index.html.erb:9:in `block in _app_views_paintings_index_html_erb__2557847676495473903_70341413990420'
  app/views/paintings/index.html.erb:8:in `_app_views_paintings_index_html_erb__2557847676495473903_70341413990420'


  Rendered /usr/local/rvm/gems/ruby-1.9.3-p194/gems/actionpack-3.2.8/lib/action_dispatch/middleware/templates/rescues/_trace.erb (1.6ms)
  Rendered /usr/local/rvm/gems/ruby-1.9.3-p194/gems/actionpack-3.2.8/lib/action_dispatch/middleware/templates/rescues/_request_and_response.erb (1.0ms)
  Rendered /usr/local/rvm/gems/ruby-1.9.3-p194/gems/actionpack-3.2.8/lib/action_dispatch/middleware/templates/rescues/template_error.erb within rescues/layout (9.0ms)


Started GET "/" for 127.0.0.1 at 2014-01-14 13:17:24 -0700
Processing by PaintingsController#index as HTML
  [1m[35mPainting Load (0.2ms)[0m  SELECT "paintings".* FROM "paintings" 
  Rendered collection (0.0ms)
  Rendered paintings/index.html.erb within layouts/application (3.4ms)
Completed 500 Internal Server Error in 7ms

ActionView::Template::Error (can't convert nil into String):
    6: <div class="clear"></div>
    7: 
    8: <%= direct_upload_form_for @uploader do |f| %>
    9:   <p><%= f.file_field :image %></p>
    10:   <p><%= f.submit "Upload Image" %></p>
    11: <% end %>
  app/views/paintings/index.html.erb:9:in `block in _app_views_paintings_index_html_erb__2557847676495473903_70341413990420'
  app/views/paintings/index.html.erb:8:in `_app_views_paintings_index_html_erb__2557847676495473903_70341413990420'


  Rendered /usr/local/rvm/gems/ruby-1.9.3-p194/gems/actionpack-3.2.8/lib/action_dispatch/middleware/templates/rescues/_trace.erb (1.7ms)
  Rendered /usr/local/rvm/gems/ruby-1.9.3-p194/gems/actionpack-3.2.8/lib/action_dispatch/middleware/templates/rescues/_request_and_response.erb (1.1ms)
  Rendered /usr/local/rvm/gems/ruby-1.9.3-p194/gems/actionpack-3.2.8/lib/action_dispatch/middleware/templates/rescues/template_error.erb within rescues/layout (9.2ms)


Started GET "/" for 127.0.0.1 at 2014-01-14 13:17:27 -0700
Processing by PaintingsController#index as HTML
  [1m[36mPainting Load (0.2ms)[0m  [1mSELECT "paintings".* FROM "paintings" [0m
  Rendered collection (0.0ms)
  Rendered paintings/index.html.erb within layouts/application (2.8ms)
Completed 500 Internal Server Error in 6ms

ActionView::Template::Error (can't convert nil into String):
    6: <div class="clear"></div>
    7: 
    8: <%= direct_upload_form_for @uploader do |f| %>
    9:   <p><%= f.file_field :image %></p>
    10:   <p><%= f.submit "Upload Image" %></p>
    11: <% end %>
  app/views/paintings/index.html.erb:9:in `block in _app_views_paintings_index_html_erb__2557847676495473903_70341413990420'
  app/views/paintings/index.html.erb:8:in `_app_views_paintings_index_html_erb__2557847676495473903_70341413990420'


  Rendered /usr/local/rvm/gems/ruby-1.9.3-p194/gems/actionpack-3.2.8/lib/action_dispatch/middleware/templates/rescues/_trace.erb (1.6ms)
  Rendered /usr/local/rvm/gems/ruby-1.9.3-p194/gems/actionpack-3.2.8/lib/action_dispatch/middleware/templates/rescues/_request_and_response.erb (1.1ms)
  Rendered /usr/local/rvm/gems/ruby-1.9.3-p194/gems/actionpack-3.2.8/lib/action_dispatch/middleware/templates/rescues/template_error.erb within rescues/layout (9.2ms)
Connecting to database specified by database.yml


Started GET "/" for 127.0.0.1 at 2014-01-14 13:17:50 -0700
Processing by PaintingsController#index as HTML
  [1m[36mPainting Load (0.1ms)[0m  [1mSELECT "paintings".* FROM "paintings" [0m
  Rendered collection (0.0ms)
  Rendered paintings/index.html.erb within layouts/application (10.1ms)
Compiled layout.css  (53ms)  (pid 11859)
Compiled paintings.css  (7ms)  (pid 11859)
Compiled application.css  (110ms)  (pid 11859)
Compiled jquery.js  (5ms)  (pid 11859)
Compiled jquery_ujs.js  (0ms)  (pid 11859)
Compiled paintings.js  (650ms)  (pid 11859)
Compiled application.js  (696ms)  (pid 11859)
Completed 200 OK in 1056ms (Views: 999.0ms | ActiveRecord: 1.7ms)


Started GET "/assets/layout.css?body=1" for 127.0.0.1 at 2014-01-14 13:17:51 -0700
Served asset /layout.css - 200 OK (2ms)


Started GET "/assets/paintings.js?body=1" for 127.0.0.1 at 2014-01-14 13:17:51 -0700
Served asset /paintings.js - 200 OK (1ms)


Started GET "/assets/paintings.css?body=1" for 127.0.0.1 at 2014-01-14 13:17:51 -0700
Served asset /paintings.css - 200 OK (1ms)


Started GET "/assets/jquery.js?body=1" for 127.0.0.1 at 2014-01-14 13:17:51 -0700
Served asset /jquery.js - 200 OK (4ms)


Started GET "/assets/application.css?body=1" for 127.0.0.1 at 2014-01-14 13:17:51 -0700
Served asset /application.css - 200 OK (4ms)


Started GET "/assets/jquery_ujs.js?body=1" for 127.0.0.1 at 2014-01-14 13:17:51 -0700
Served asset /jquery_ujs.js - 200 OK (2ms)


Started GET "/assets/application.js?body=1" for 127.0.0.1 at 2014-01-14 13:17:51 -0700
Served asset /application.js - 200 OK (4ms)


Started GET "/paintings/new?bucket=o-meter-images&key=uploads%2Fdd626dc0-5f86-0131-1a74-2820663d42f0%2FCrystal.jpg&etag=%2207ae0d3699d9396b7f796151a84b5900%22" for 127.0.0.1 at 2014-01-14 13:18:25 -0700
Processing by PaintingsController#new as HTML
  Parameters: {"bucket"=>"o-meter-images", "key"=>"uploads/dd626dc0-5f86-0131-1a74-2820663d42f0/Crystal.jpg", "etag"=>"\"07ae0d3699d9396b7f796151a84b5900\""}
  Rendered paintings/_form.html.erb (63.8ms)
  Rendered paintings/new.html.erb within layouts/application (66.0ms)
Completed 200 OK in 85ms (Views: 83.6ms | ActiveRecord: 0.0ms)


Started POST "/paintings" for 127.0.0.1 at 2014-01-14 13:18:30 -0700
Processing by PaintingsController#create as HTML
  Parameters: {"utf8"=>"✓", "authenticity_token"=>"9dnHsJKCenuY611WzL3f9q4VadaDTD3pB/d0f/mNSy4=", "painting"=>{"key"=>"uploads/dd626dc0-5f86-0131-1a74-2820663d42f0/Crystal.jpg", "name"=>"Crystal"}, "commit"=>"Create Painting"}
  [1m[35m (0.1ms)[0m  begin transaction
  [1m[36mPainting Exists (0.2ms)[0m  [1mSELECT 1 AS one FROM "paintings" WHERE "paintings"."image" = 'dd626dc0-5f86-0131-1a74-2820663d42f0/Crystal.jpg' LIMIT 1[0m
  [1m[35mSQL (29.8ms)[0m  INSERT INTO "paintings" ("created_at", "image", "image_processed", "name", "updated_at") VALUES (?, ?, ?, ?, ?)  [["created_at", Tue, 14 Jan 2014 20:18:30 UTC +00:00], ["image", "dd626dc0-5f86-0131-1a74-2820663d42f0/Crystal.jpg"], ["image_processed", nil], ["name", "Crystal"], ["updated_at", Tue, 14 Jan 2014 20:18:30 UTC +00:00]]
  [1m[36m (0.6ms)[0m  [1mrollback transaction[0m
Completed 500 Internal Server Error in 149ms

Redis::CannotConnectError (Error connecting to Redis on localhost:6379 (ECONNREFUSED)):
  app/models/painting.rb:12:in `enqueue_image'
  app/controllers/paintings_controller.rb:18:in `create'


  Rendered /usr/local/rvm/gems/ruby-1.9.3-p194/gems/actionpack-3.2.8/lib/action_dispatch/middleware/templates/rescues/_trace.erb (2.1ms)
  Rendered /usr/local/rvm/gems/ruby-1.9.3-p194/gems/actionpack-3.2.8/lib/action_dispatch/middleware/templates/rescues/_request_and_response.erb (1.6ms)
  Rendered /usr/local/rvm/gems/ruby-1.9.3-p194/gems/actionpack-3.2.8/lib/action_dispatch/middleware/templates/rescues/diagnostics.erb within rescues/layout (13.0ms)
Connecting to database specified by database.yml


Started GET "/paintings/new?bucket=o-meter-images&key=uploads%2Fdd626dc0-5f86-0131-1a74-2820663d42f0%2Ffc_logo.jpg&etag=%229588595eb3904ccb4bb6ad16f4fa23d0%22" for 127.0.0.1 at 2014-01-14 13:21:13 -0700
Processing by PaintingsController#new as HTML
  Parameters: {"bucket"=>"o-meter-images", "key"=>"uploads/dd626dc0-5f86-0131-1a74-2820663d42f0/fc_logo.jpg", "etag"=>"\"9588595eb3904ccb4bb6ad16f4fa23d0\""}
  Rendered paintings/_form.html.erb (73.5ms)
  Rendered paintings/new.html.erb within layouts/application (80.4ms)
Completed 200 OK in 252ms (Views: 184.8ms | ActiveRecord: 1.7ms)


Started GET "/assets/jquery.js?body=1" for 127.0.0.1 at 2014-01-14 13:21:14 -0700
Served asset /jquery.js - 304 Not Modified (3ms)


Started GET "/assets/jquery_ujs.js?body=1" for 127.0.0.1 at 2014-01-14 13:21:14 -0700
Served asset /jquery_ujs.js - 304 Not Modified (2ms)


Started POST "/paintings" for 127.0.0.1 at 2014-01-14 13:21:19 -0700
Processing by PaintingsController#create as HTML
  Parameters: {"utf8"=>"✓", "authenticity_token"=>"9dnHsJKCenuY611WzL3f9q4VadaDTD3pB/d0f/mNSy4=", "painting"=>{"key"=>"uploads/dd626dc0-5f86-0131-1a74-2820663d42f0/fc_logo.jpg", "name"=>"FC"}, "commit"=>"Create Painting"}
  [1m[36m (0.1ms)[0m  [1mbegin transaction[0m
  [1m[35mPainting Exists (0.1ms)[0m  SELECT 1 AS one FROM "paintings" WHERE "paintings"."image" = 'dd626dc0-5f86-0131-1a74-2820663d42f0/fc_logo.jpg' LIMIT 1
  [1m[36mSQL (28.6ms)[0m  [1mINSERT INTO "paintings" ("created_at", "image", "image_processed", "name", "updated_at") VALUES (?, ?, ?, ?, ?)[0m  [["created_at", Tue, 14 Jan 2014 20:21:19 UTC +00:00], ["image", "dd626dc0-5f86-0131-1a74-2820663d42f0/fc_logo.jpg"], ["image_processed", nil], ["name", "FC"], ["updated_at", Tue, 14 Jan 2014 20:21:19 UTC +00:00]]
  [1m[35m (1.5ms)[0m  commit transaction
Redirected to http://localhost:3000/paintings
Completed 302 Found in 122ms (ActiveRecord: 30.3ms)


Started GET "/paintings" for 127.0.0.1 at 2014-01-14 13:21:19 -0700
Processing by PaintingsController#index as HTML
  [1m[36mPainting Load (0.2ms)[0m  [1mSELECT "paintings".* FROM "paintings" [0m
  Rendered paintings/_painting.html.erb (1.9ms)
  Rendered paintings/index.html.erb within layouts/application (60.0ms)
Completed 200 OK in 69ms (Views: 66.4ms | ActiveRecord: 0.2ms)


Started GET "/assets/jquery.js?body=1" for 127.0.0.1 at 2014-01-14 13:21:20 -0700
Served asset /jquery.js - 304 Not Modified (0ms)


Started GET "/assets/jquery_ujs.js?body=1" for 127.0.0.1 at 2014-01-14 13:21:20 -0700
Served asset /jquery_ujs.js - 304 Not Modified (0ms)


Started GET "/paintings" for 127.0.0.1 at 2014-01-14 13:21:24 -0700
Processing by PaintingsController#index as HTML
  [1m[35mPainting Load (0.1ms)[0m  SELECT "paintings".* FROM "paintings" 
  Rendered paintings/_painting.html.erb (0.8ms)
  Rendered paintings/index.html.erb within layouts/application (3.6ms)
Completed 200 OK in 10ms (Views: 8.5ms | ActiveRecord: 0.1ms)


Started GET "/assets/layout.css?body=1" for 127.0.0.1 at 2014-01-14 13:21:24 -0700
Served asset /layout.css - 304 Not Modified (9ms)


Started GET "/assets/paintings.js?body=1" for 127.0.0.1 at 2014-01-14 13:21:24 -0700
Served asset /paintings.js - 304 Not Modified (2ms)


Started GET "/assets/paintings.css?body=1" for 127.0.0.1 at 2014-01-14 13:21:24 -0700
Served asset /paintings.css - 304 Not Modified (1ms)


Started GET "/assets/jquery_ujs.js?body=1" for 127.0.0.1 at 2014-01-14 13:21:24 -0700
Served asset /jquery_ujs.js - 304 Not Modified (0ms)


Started GET "/assets/application.css?body=1" for 127.0.0.1 at 2014-01-14 13:21:24 -0700
Served asset /application.css - 200 OK (3ms)


Started GET "/assets/jquery.js?body=1" for 127.0.0.1 at 2014-01-14 13:21:24 -0700
Served asset /jquery.js - 304 Not Modified (0ms)


Started GET "/assets/application.js?body=1" for 127.0.0.1 at 2014-01-14 13:21:24 -0700
Served asset /application.js - 200 OK (4ms)


Started GET "/paintings" for 127.0.0.1 at 2014-01-14 13:21:26 -0700
Processing by PaintingsController#index as HTML
  [1m[36mPainting Load (0.2ms)[0m  [1mSELECT "paintings".* FROM "paintings" [0m
  Rendered paintings/_painting.html.erb (0.7ms)
  Rendered paintings/index.html.erb within layouts/application (3.5ms)
Completed 200 OK in 10ms (Views: 8.5ms | ActiveRecord: 0.2ms)


Started GET "/assets/application.css?body=1" for 127.0.0.1 at 2014-01-14 13:21:26 -0700
Served asset /application.css - 200 OK (0ms)


Started GET "/assets/paintings.css?body=1" for 127.0.0.1 at 2014-01-14 13:21:26 -0700
Served asset /paintings.css - 304 Not Modified (0ms)


Started GET "/assets/jquery.js?body=1" for 127.0.0.1 at 2014-01-14 13:21:26 -0700
Served asset /jquery.js - 304 Not Modified (0ms)


Started GET "/assets/paintings.js?body=1" for 127.0.0.1 at 2014-01-14 13:21:26 -0700
Served asset /paintings.js - 304 Not Modified (0ms)


Started GET "/assets/jquery_ujs.js?body=1" for 127.0.0.1 at 2014-01-14 13:21:26 -0700
Served asset /jquery_ujs.js - 304 Not Modified (0ms)


Started GET "/assets/layout.css?body=1" for 127.0.0.1 at 2014-01-14 13:21:26 -0700
Served asset /layout.css - 304 Not Modified (0ms)


Started GET "/assets/application.js?body=1" for 127.0.0.1 at 2014-01-14 13:21:26 -0700
Served asset /application.js - 200 OK (0ms)


Started GET "/paintings" for 127.0.0.1 at 2014-01-14 13:21:55 -0700
Processing by PaintingsController#index as HTML
  [1m[35mPainting Load (0.1ms)[0m  SELECT "paintings".* FROM "paintings" 
  Rendered paintings/_painting.html.erb (0.7ms)
  Rendered paintings/index.html.erb within layouts/application (3.4ms)
Completed 200 OK in 9ms (Views: 8.2ms | ActiveRecord: 0.1ms)


Started GET "/assets/layout.css?body=1" for 127.0.0.1 at 2014-01-14 13:21:55 -0700
Served asset /layout.css - 304 Not Modified (0ms)


Started GET "/assets/jquery_ujs.js?body=1" for 127.0.0.1 at 2014-01-14 13:21:55 -0700
Served asset /jquery_ujs.js - 304 Not Modified (0ms)


Started GET "/assets/paintings.css?body=1" for 127.0.0.1 at 2014-01-14 13:21:55 -0700
Served asset /paintings.css - 304 Not Modified (0ms)


Started GET "/assets/paintings.js?body=1" for 127.0.0.1 at 2014-01-14 13:21:55 -0700
Served asset /paintings.js - 304 Not Modified (0ms)


Started GET "/assets/jquery.js?body=1" for 127.0.0.1 at 2014-01-14 13:21:55 -0700
Served asset /jquery.js - 304 Not Modified (0ms)


Started GET "/paintings" for 127.0.0.1 at 2014-01-14 13:24:48 -0700
Processing by PaintingsController#index as HTML
  [1m[36mPainting Load (0.2ms)[0m  [1mSELECT "paintings".* FROM "paintings" [0m
  Rendered paintings/_painting.html.erb (1.0ms)
  Rendered paintings/index.html.erb within layouts/application (4.3ms)
Completed 200 OK in 12ms (Views: 10.1ms | ActiveRecord: 0.2ms)


Started GET "/assets/layout.css?body=1" for 127.0.0.1 at 2014-01-14 13:24:48 -0700
Served asset /layout.css - 304 Not Modified (0ms)


Started GET "/assets/paintings.css?body=1" for 127.0.0.1 at 2014-01-14 13:24:48 -0700
Served asset /paintings.css - 304 Not Modified (0ms)


Started GET "/assets/paintings.js?body=1" for 127.0.0.1 at 2014-01-14 13:24:48 -0700
Served asset /paintings.js - 304 Not Modified (0ms)


Started GET "/assets/jquery_ujs.js?body=1" for 127.0.0.1 at 2014-01-14 13:24:48 -0700
Served asset /jquery_ujs.js - 304 Not Modified (0ms)


Started GET "/assets/jquery.js?body=1" for 127.0.0.1 at 2014-01-14 13:24:48 -0700
Served asset /jquery.js - 304 Not Modified (0ms)


Started GET "/assets/application.css?body=1" for 127.0.0.1 at 2014-01-14 13:24:48 -0700
Served asset /application.css - 200 OK (0ms)


Started GET "/assets/application.js?body=1" for 127.0.0.1 at 2014-01-14 13:24:48 -0700
Served asset /application.js - 200 OK (0ms)


Started GET "/" for 127.0.0.1 at 2014-01-14 13:26:16 -0700
Processing by PaintingsController#index as HTML
  [1m[35mPainting Load (0.1ms)[0m  SELECT "paintings".* FROM "paintings" 
  Rendered paintings/_painting.html.erb (0.8ms)
  Rendered paintings/index.html.erb within layouts/application (4.1ms)
Completed 200 OK in 11ms (Views: 9.2ms | ActiveRecord: 0.1ms)


Started GET "/assets/layout.css?body=1" for 127.0.0.1 at 2014-01-14 13:26:16 -0700
Served asset /layout.css - 304 Not Modified (0ms)


Started GET "/assets/paintings.css?body=1" for 127.0.0.1 at 2014-01-14 13:26:16 -0700
Served asset /paintings.css - 304 Not Modified (0ms)


Started GET "/assets/jquery.js?body=1" for 127.0.0.1 at 2014-01-14 13:26:16 -0700
Served asset /jquery.js - 304 Not Modified (0ms)


Started GET "/assets/application.css?body=1" for 127.0.0.1 at 2014-01-14 13:26:16 -0700
Served asset /application.css - 200 OK (0ms)


Started GET "/assets/jquery_ujs.js?body=1" for 127.0.0.1 at 2014-01-14 13:26:16 -0700
Served asset /jquery_ujs.js - 304 Not Modified (0ms)


Started GET "/assets/paintings.js?body=1" for 127.0.0.1 at 2014-01-14 13:26:16 -0700
Served asset /paintings.js - 304 Not Modified (0ms)


Started GET "/assets/application.js?body=1" for 127.0.0.1 at 2014-01-14 13:26:16 -0700
Served asset /application.js - 200 OK (0ms)


Started GET "/" for 127.0.0.1 at 2014-01-14 13:26:19 -0700
Processing by PaintingsController#index as HTML
  [1m[36mPainting Load (0.2ms)[0m  [1mSELECT "paintings".* FROM "paintings" [0m
  Rendered paintings/_painting.html.erb (0.9ms)
  Rendered paintings/index.html.erb within layouts/application (3.9ms)
Completed 200 OK in 11ms (Views: 8.9ms | ActiveRecord: 0.2ms)


Started GET "/assets/paintings.css?body=1" for 127.0.0.1 at 2014-01-14 13:26:20 -0700
Served asset /paintings.css - 304 Not Modified (0ms)


Started GET "/assets/application.css?body=1" for 127.0.0.1 at 2014-01-14 13:26:20 -0700
Served asset /application.css - 200 OK (0ms)


Started GET "/assets/jquery_ujs.js?body=1" for 127.0.0.1 at 2014-01-14 13:26:20 -0700
Served asset /jquery_ujs.js - 304 Not Modified (0ms)


Started GET "/assets/layout.css?body=1" for 127.0.0.1 at 2014-01-14 13:26:20 -0700
Served asset /layout.css - 304 Not Modified (0ms)


Started GET "/assets/jquery.js?body=1" for 127.0.0.1 at 2014-01-14 13:26:20 -0700
Served asset /jquery.js - 304 Not Modified (0ms)


Started GET "/assets/paintings.js?body=1" for 127.0.0.1 at 2014-01-14 13:26:20 -0700
Served asset /paintings.js - 304 Not Modified (0ms)


Started GET "/assets/application.js?body=1" for 127.0.0.1 at 2014-01-14 13:26:20 -0700
Served asset /application.js - 200 OK (0ms)


Started GET "/paintings/new?bucket=o-meter-images&key=uploads%2F0d291ad0-5f88-0131-1a75-2820663d42f0%2Fpolygon.jpeg&etag=%220bb2de4f91b03a73e7332bd00a1284be%22" for 127.0.0.1 at 2014-01-14 13:26:55 -0700
Processing by PaintingsController#new as HTML
  Parameters: {"bucket"=>"o-meter-images", "key"=>"uploads/0d291ad0-5f88-0131-1a75-2820663d42f0/polygon.jpeg", "etag"=>"\"0bb2de4f91b03a73e7332bd00a1284be\""}
  Rendered paintings/_form.html.erb (3.1ms)
  Rendered paintings/new.html.erb within layouts/application (4.4ms)
Completed 200 OK in 45ms (Views: 44.2ms | ActiveRecord: 0.0ms)


Started GET "/assets/layout.css?body=1" for 127.0.0.1 at 2014-01-14 13:26:55 -0700
Served asset /layout.css - 304 Not Modified (0ms)


Started GET "/assets/paintings.css?body=1" for 127.0.0.1 at 2014-01-14 13:26:55 -0700
Served asset /paintings.css - 304 Not Modified (0ms)


Started GET "/assets/jquery_ujs.js?body=1" for 127.0.0.1 at 2014-01-14 13:26:55 -0700
Served asset /jquery_ujs.js - 304 Not Modified (0ms)


Started GET "/assets/jquery.js?body=1" for 127.0.0.1 at 2014-01-14 13:26:55 -0700
Served asset /jquery.js - 304 Not Modified (0ms)


Started GET "/assets/paintings.js?body=1" for 127.0.0.1 at 2014-01-14 13:26:55 -0700
Served asset /paintings.js - 304 Not Modified (0ms)


Started POST "/paintings" for 127.0.0.1 at 2014-01-14 13:27:15 -0700
Processing by PaintingsController#create as HTML
  Parameters: {"utf8"=>"✓", "authenticity_token"=>"9dnHsJKCenuY611WzL3f9q4VadaDTD3pB/d0f/mNSy4=", "painting"=>{"key"=>"uploads/0d291ad0-5f88-0131-1a75-2820663d42f0/polygon.jpeg", "name"=>"Polygon"}, "commit"=>"Create Painting"}
  [1m[35m (0.1ms)[0m  begin transaction
  [1m[36mPainting Exists (0.1ms)[0m  [1mSELECT 1 AS one FROM "paintings" WHERE "paintings"."image" = '0d291ad0-5f88-0131-1a75-2820663d42f0/polygon.jpeg' LIMIT 1[0m
  [1m[35mSQL (0.4ms)[0m  INSERT INTO "paintings" ("created_at", "image", "image_processed", "name", "updated_at") VALUES (?, ?, ?, ?, ?)  [["created_at", Tue, 14 Jan 2014 20:27:15 UTC +00:00], ["image", "0d291ad0-5f88-0131-1a75-2820663d42f0/polygon.jpeg"], ["image_processed", nil], ["name", "Polygon"], ["updated_at", Tue, 14 Jan 2014 20:27:15 UTC +00:00]]
  [1m[36m (1.3ms)[0m  [1mcommit transaction[0m
Redirected to http://localhost:3000/paintings
Completed 302 Found in 7ms (ActiveRecord: 1.8ms)


Started GET "/paintings" for 127.0.0.1 at 2014-01-14 13:27:15 -0700
Processing by PaintingsController#index as HTML
  [1m[35mPainting Load (0.1ms)[0m  SELECT "paintings".* FROM "paintings" 
  Rendered paintings/_painting.html.erb (1.3ms)
  Rendered paintings/index.html.erb within layouts/application (4.2ms)
Completed 200 OK in 11ms (Views: 9.9ms | ActiveRecord: 0.1ms)


Started GET "/assets/layout.css?body=1" for 127.0.0.1 at 2014-01-14 13:27:15 -0700
Served asset /layout.css - 304 Not Modified (0ms)


Started GET "/assets/jquery_ujs.js?body=1" for 127.0.0.1 at 2014-01-14 13:27:15 -0700
Served asset /jquery_ujs.js - 304 Not Modified (0ms)


Started GET "/assets/jquery.js?body=1" for 127.0.0.1 at 2014-01-14 13:27:15 -0700
Served asset /jquery.js - 304 Not Modified (0ms)


Started GET "/assets/paintings.css?body=1" for 127.0.0.1 at 2014-01-14 13:27:15 -0700
Served asset /paintings.css - 304 Not Modified (0ms)


Started GET "/assets/paintings.js?body=1" for 127.0.0.1 at 2014-01-14 13:27:15 -0700
Served asset /paintings.js - 304 Not Modified (0ms)


Started GET "/paintings" for 127.0.0.1 at 2014-01-14 13:27:19 -0700
Processing by PaintingsController#index as HTML
  [1m[36mPainting Load (0.2ms)[0m  [1mSELECT "paintings".* FROM "paintings" [0m
  Rendered paintings/_painting.html.erb (1.4ms)
  Rendered paintings/index.html.erb within layouts/application (4.2ms)
Completed 200 OK in 10ms (Views: 8.9ms | ActiveRecord: 0.2ms)


Started GET "/assets/layout.css?body=1" for 127.0.0.1 at 2014-01-14 13:27:19 -0700
Served asset /layout.css - 304 Not Modified (0ms)


Started GET "/assets/application.css?body=1" for 127.0.0.1 at 2014-01-14 13:27:19 -0700
Served asset /application.css - 200 OK (0ms)


Started GET "/assets/paintings.css?body=1" for 127.0.0.1 at 2014-01-14 13:27:19 -0700
Served asset /paintings.css - 304 Not Modified (0ms)


Started GET "/assets/jquery_ujs.js?body=1" for 127.0.0.1 at 2014-01-14 13:27:19 -0700
Served asset /jquery_ujs.js - 304 Not Modified (0ms)


Started GET "/assets/jquery.js?body=1" for 127.0.0.1 at 2014-01-14 13:27:19 -0700
Served asset /jquery.js - 304 Not Modified (0ms)


Started GET "/assets/paintings.js?body=1" for 127.0.0.1 at 2014-01-14 13:27:19 -0700
Served asset /paintings.js - 304 Not Modified (0ms)


Started GET "/assets/application.js?body=1" for 127.0.0.1 at 2014-01-14 13:27:19 -0700
Served asset /application.js - 200 OK (0ms)


Started GET "/paintings" for 127.0.0.1 at 2014-01-14 13:27:21 -0700
Processing by PaintingsController#index as HTML
  [1m[35mPainting Load (0.2ms)[0m  SELECT "paintings".* FROM "paintings" 
  Rendered paintings/_painting.html.erb (1.4ms)
  Rendered paintings/index.html.erb within layouts/application (4.2ms)
Completed 200 OK in 10ms (Views: 9.2ms | ActiveRecord: 0.2ms)


Started GET "/assets/application.css?body=1" for 127.0.0.1 at 2014-01-14 13:27:21 -0700
Served asset /application.css - 200 OK (0ms)


Started GET "/assets/layout.css?body=1" for 127.0.0.1 at 2014-01-14 13:27:21 -0700
Served asset /layout.css - 304 Not Modified (0ms)


Started GET "/assets/jquery_ujs.js?body=1" for 127.0.0.1 at 2014-01-14 13:27:21 -0700
Served asset /jquery_ujs.js - 304 Not Modified (0ms)


Started GET "/assets/paintings.css?body=1" for 127.0.0.1 at 2014-01-14 13:27:21 -0700
Served asset /paintings.css - 304 Not Modified (0ms)


Started GET "/assets/jquery.js?body=1" for 127.0.0.1 at 2014-01-14 13:27:21 -0700
Served asset /jquery.js - 304 Not Modified (0ms)


Started GET "/assets/paintings.js?body=1" for 127.0.0.1 at 2014-01-14 13:27:21 -0700
Served asset /paintings.js - 304 Not Modified (0ms)


Started GET "/assets/application.js?body=1" for 127.0.0.1 at 2014-01-14 13:27:21 -0700
Served asset /application.js - 200 OK (0ms)


Started GET "/paintings" for 127.0.0.1 at 2014-01-14 13:28:31 -0700
Processing by PaintingsController#index as HTML
  [1m[36mPainting Load (0.1ms)[0m  [1mSELECT "paintings".* FROM "paintings" [0m
  Rendered paintings/_painting.html.erb (1.3ms)
  Rendered paintings/index.html.erb within layouts/application (4.1ms)
Completed 200 OK in 10ms (Views: 9.1ms | ActiveRecord: 0.1ms)


Started GET "/assets/application.css?body=1" for 127.0.0.1 at 2014-01-14 13:28:31 -0700
Served asset /application.css - 200 OK (0ms)


Started GET "/assets/paintings.css?body=1" for 127.0.0.1 at 2014-01-14 13:28:31 -0700
Served asset /paintings.css - 304 Not Modified (0ms)


Started GET "/assets/jquery.js?body=1" for 127.0.0.1 at 2014-01-14 13:28:31 -0700
Served asset /jquery.js - 304 Not Modified (0ms)


Started GET "/assets/layout.css?body=1" for 127.0.0.1 at 2014-01-14 13:28:31 -0700
Served asset /layout.css - 304 Not Modified (0ms)


Started GET "/assets/paintings.js?body=1" for 127.0.0.1 at 2014-01-14 13:28:31 -0700
Served asset /paintings.js - 304 Not Modified (0ms)


Started GET "/assets/jquery_ujs.js?body=1" for 127.0.0.1 at 2014-01-14 13:28:31 -0700
Served asset /jquery_ujs.js - 304 Not Modified (0ms)


Started GET "/assets/application.js?body=1" for 127.0.0.1 at 2014-01-14 13:28:31 -0700
Served asset /application.js - 200 OK (0ms)


Started GET "/paintings" for 127.0.0.1 at 2014-01-14 13:28:34 -0700
Processing by PaintingsController#index as HTML
  [1m[35mPainting Load (0.2ms)[0m  SELECT "paintings".* FROM "paintings" 
  Rendered paintings/_painting.html.erb (1.6ms)
  Rendered paintings/index.html.erb within layouts/application (4.7ms)
Completed 200 OK in 11ms (Views: 10.2ms | ActiveRecord: 0.2ms)


Started GET "/assets/paintings.css?body=1" for 127.0.0.1 at 2014-01-14 13:28:34 -0700
Served asset /paintings.css - 304 Not Modified (0ms)


Started GET "/assets/layout.css?body=1" for 127.0.0.1 at 2014-01-14 13:28:34 -0700
Served asset /layout.css - 304 Not Modified (0ms)


Started GET "/assets/application.css?body=1" for 127.0.0.1 at 2014-01-14 13:28:34 -0700
Served asset /application.css - 200 OK (0ms)


Started GET "/assets/jquery_ujs.js?body=1" for 127.0.0.1 at 2014-01-14 13:28:34 -0700
Served asset /jquery_ujs.js - 304 Not Modified (0ms)


Started GET "/assets/jquery.js?body=1" for 127.0.0.1 at 2014-01-14 13:28:34 -0700
Served asset /jquery.js - 304 Not Modified (0ms)


Started GET "/assets/paintings.js?body=1" for 127.0.0.1 at 2014-01-14 13:28:34 -0700
Served asset /paintings.js - 304 Not Modified (0ms)


Started GET "/assets/application.js?body=1" for 127.0.0.1 at 2014-01-14 13:28:34 -0700
Served asset /application.js - 200 OK (0ms)


Started GET "/paintings/2/edit" for 127.0.0.1 at 2014-01-14 13:28:42 -0700
Processing by PaintingsController#edit as HTML
  Parameters: {"id"=>"2"}
  [1m[36mPainting Load (0.3ms)[0m  [1mSELECT "paintings".* FROM "paintings" WHERE "paintings"."id" = ? LIMIT 1[0m  [["id", "2"]]
  Rendered paintings/_form.html.erb (3.3ms)
  Rendered paintings/edit.html.erb within layouts/application (4.7ms)
Completed 200 OK in 46ms (Views: 44.2ms | ActiveRecord: 0.3ms)


Started GET "/assets/layout.css?body=1" for 127.0.0.1 at 2014-01-14 13:28:42 -0700
Served asset /layout.css - 304 Not Modified (0ms)


Started GET "/assets/paintings.js?body=1" for 127.0.0.1 at 2014-01-14 13:28:42 -0700
Served asset /paintings.js - 304 Not Modified (0ms)


Started GET "/assets/jquery_ujs.js?body=1" for 127.0.0.1 at 2014-01-14 13:28:42 -0700
Served asset /jquery_ujs.js - 304 Not Modified (0ms)


Started GET "/assets/paintings.css?body=1" for 127.0.0.1 at 2014-01-14 13:28:42 -0700
Served asset /paintings.css - 304 Not Modified (0ms)


Started GET "/assets/jquery.js?body=1" for 127.0.0.1 at 2014-01-14 13:28:42 -0700
Served asset /jquery.js - 304 Not Modified (0ms)


Started GET "/paintings/1" for 127.0.0.1 at 2014-01-14 13:28:51 -0700
Processing by PaintingsController#show as HTML
  Parameters: {"id"=>"1"}
  [1m[35mPainting Load (0.1ms)[0m  SELECT "paintings".* FROM "paintings" WHERE "paintings"."id" = ? LIMIT 1  [["id", "1"]]
  Rendered paintings/show.html.erb within layouts/application (2.2ms)
Completed 200 OK in 47ms (Views: 45.1ms | ActiveRecord: 0.1ms)


Started GET "/assets/layout.css?body=1" for 127.0.0.1 at 2014-01-14 13:28:51 -0700
Served asset /layout.css - 304 Not Modified (0ms)


Started GET "/assets/paintings.js?body=1" for 127.0.0.1 at 2014-01-14 13:28:51 -0700
Served asset /paintings.js - 304 Not Modified (0ms)


Started GET "/assets/jquery_ujs.js?body=1" for 127.0.0.1 at 2014-01-14 13:28:51 -0700
Served asset /jquery_ujs.js - 304 Not Modified (0ms)


Started GET "/assets/jquery.js?body=1" for 127.0.0.1 at 2014-01-14 13:28:51 -0700
Served asset /jquery.js - 304 Not Modified (0ms)


Started GET "/assets/paintings.css?body=1" for 127.0.0.1 at 2014-01-14 13:28:51 -0700
Served asset /paintings.css - 304 Not Modified (0ms)


Started GET "/paintings/2" for 127.0.0.1 at 2014-01-14 13:28:56 -0700
Processing by PaintingsController#show as HTML
  Parameters: {"id"=>"2"}
  [1m[36mPainting Load (0.1ms)[0m  [1mSELECT "paintings".* FROM "paintings" WHERE "paintings"."id" = ? LIMIT 1[0m  [["id", "2"]]
  Rendered paintings/show.html.erb within layouts/application (1.5ms)
Completed 200 OK in 8ms (Views: 7.0ms | ActiveRecord: 0.1ms)


Started GET "/assets/jquery.js?body=1" for 127.0.0.1 at 2014-01-14 13:28:56 -0700
Served asset /jquery.js - 304 Not Modified (0ms)


Started GET "/assets/jquery_ujs.js?body=1" for 127.0.0.1 at 2014-01-14 13:28:56 -0700
Served asset /jquery_ujs.js - 304 Not Modified (0ms)


Started GET "/assets/layout.css?body=1" for 127.0.0.1 at 2014-01-14 13:28:56 -0700
Served asset /layout.css - 304 Not Modified (0ms)


Started GET "/assets/paintings.js?body=1" for 127.0.0.1 at 2014-01-14 13:28:56 -0700
Served asset /paintings.js - 304 Not Modified (0ms)


Started GET "/assets/paintings.css?body=1" for 127.0.0.1 at 2014-01-14 13:28:56 -0700
Served asset /paintings.css - 304 Not Modified (0ms)


Started GET "/paintings/" for 127.0.0.1 at 2014-01-14 13:30:45 -0700
Processing by PaintingsController#index as HTML
  [1m[35mPainting Load (0.1ms)[0m  SELECT "paintings".* FROM "paintings" 
  Rendered paintings/_painting.html.erb (2.3ms)
  Rendered paintings/index.html.erb within layouts/application (6.4ms)
Completed 200 OK in 21ms (Views: 11.8ms | ActiveRecord: 0.5ms)


Started GET "/assets/paintings.css?body=1" for 127.0.0.1 at 2014-01-14 13:30:46 -0700
Served asset /paintings.css - 304 Not Modified (0ms)


Started GET "/assets/jquery_ujs.js?body=1" for 127.0.0.1 at 2014-01-14 13:30:46 -0700
Served asset /jquery_ujs.js - 304 Not Modified (0ms)


Started GET "/assets/layout.css?body=1" for 127.0.0.1 at 2014-01-14 13:30:46 -0700
Served asset /layout.css - 304 Not Modified (0ms)


Started GET "/assets/jquery.js?body=1" for 127.0.0.1 at 2014-01-14 13:30:46 -0700
Served asset /jquery.js - 304 Not Modified (0ms)


Started GET "/assets/paintings.js?body=1" for 127.0.0.1 at 2014-01-14 13:30:46 -0700
Served asset /paintings.js - 304 Not Modified (0ms)


Started GET "/paintings/new?bucket=o-meter-images&key=uploads%2Fabb89dc0-5f88-0131-1a75-2820663d42f0%2Fsku_front_1.jpg&etag=%22c8981c5ce58d567c585c3edf2c23e7a6%22" for 127.0.0.1 at 2014-01-14 13:31:02 -0700
Processing by PaintingsController#new as HTML
  Parameters: {"bucket"=>"o-meter-images", "key"=>"uploads/abb89dc0-5f88-0131-1a75-2820663d42f0/sku_front_1.jpg", "etag"=>"\"c8981c5ce58d567c585c3edf2c23e7a6\""}
  Rendered paintings/_form.html.erb (2.1ms)
  Rendered paintings/new.html.erb within layouts/application (2.8ms)
Completed 200 OK in 8ms (Views: 7.6ms | ActiveRecord: 0.0ms)


Started GET "/assets/layout.css?body=1" for 127.0.0.1 at 2014-01-14 13:31:03 -0700
Served asset /layout.css - 304 Not Modified (0ms)


Started GET "/assets/paintings.css?body=1" for 127.0.0.1 at 2014-01-14 13:31:03 -0700
Served asset /paintings.css - 304 Not Modified (0ms)


Started GET "/assets/paintings.js?body=1" for 127.0.0.1 at 2014-01-14 13:31:03 -0700
Served asset /paintings.js - 304 Not Modified (0ms)


Started GET "/assets/jquery_ujs.js?body=1" for 127.0.0.1 at 2014-01-14 13:31:03 -0700
Served asset /jquery_ujs.js - 304 Not Modified (0ms)


Started GET "/assets/jquery.js?body=1" for 127.0.0.1 at 2014-01-14 13:31:03 -0700
Served asset /jquery.js - 304 Not Modified (0ms)


Started POST "/paintings" for 127.0.0.1 at 2014-01-14 13:31:07 -0700
Processing by PaintingsController#create as HTML
  Parameters: {"utf8"=>"✓", "authenticity_token"=>"9dnHsJKCenuY611WzL3f9q4VadaDTD3pB/d0f/mNSy4=", "painting"=>{"key"=>"uploads/abb89dc0-5f88-0131-1a75-2820663d42f0/sku_front_1.jpg", "name"=>"sku"}, "commit"=>"Create Painting"}
  [1m[36m (0.1ms)[0m  [1mbegin transaction[0m
  [1m[35mPainting Exists (0.1ms)[0m  SELECT 1 AS one FROM "paintings" WHERE "paintings"."image" = 'abb89dc0-5f88-0131-1a75-2820663d42f0/sku_front_1.jpg' LIMIT 1
  [1m[36mSQL (0.5ms)[0m  [1mINSERT INTO "paintings" ("created_at", "image", "image_processed", "name", "updated_at") VALUES (?, ?, ?, ?, ?)[0m  [["created_at", Tue, 14 Jan 2014 20:31:07 UTC +00:00], ["image", "abb89dc0-5f88-0131-1a75-2820663d42f0/sku_front_1.jpg"], ["image_processed", nil], ["name", "sku"], ["updated_at", Tue, 14 Jan 2014 20:31:07 UTC +00:00]]
  [1m[35m (1.4ms)[0m  commit transaction
Redirected to http://localhost:3000/paintings
Completed 302 Found in 10ms (ActiveRecord: 2.1ms)


Started GET "/paintings" for 127.0.0.1 at 2014-01-14 13:31:07 -0700
Processing by PaintingsController#index as HTML
  [1m[36mPainting Load (0.2ms)[0m  [1mSELECT "paintings".* FROM "paintings" [0m
  Rendered paintings/_painting.html.erb (2.0ms)
  Rendered paintings/index.html.erb within layouts/application (5.0ms)
Completed 200 OK in 12ms (Views: 10.2ms | ActiveRecord: 0.2ms)


Started GET "/assets/layout.css?body=1" for 127.0.0.1 at 2014-01-14 13:31:07 -0700
Served asset /layout.css - 304 Not Modified (0ms)


Started GET "/assets/jquery.js?body=1" for 127.0.0.1 at 2014-01-14 13:31:07 -0700
Served asset /jquery.js - 304 Not Modified (0ms)


Started GET "/assets/paintings.css?body=1" for 127.0.0.1 at 2014-01-14 13:31:07 -0700
Served asset /paintings.css - 304 Not Modified (0ms)


Started GET "/assets/jquery_ujs.js?body=1" for 127.0.0.1 at 2014-01-14 13:31:07 -0700
Served asset /jquery_ujs.js - 304 Not Modified (0ms)


Started GET "/assets/paintings.js?body=1" for 127.0.0.1 at 2014-01-14 13:31:07 -0700
Served asset /paintings.js - 304 Not Modified (0ms)


Started GET "/paintings" for 127.0.0.1 at 2014-01-14 13:31:10 -0700
Processing by PaintingsController#index as HTML
  [1m[35mPainting Load (0.2ms)[0m  SELECT "paintings".* FROM "paintings" 
  Rendered paintings/_painting.html.erb (2.0ms)
  Rendered paintings/index.html.erb within layouts/application (4.8ms)
Completed 200 OK in 11ms (Views: 9.6ms | ActiveRecord: 0.2ms)


Started GET "/assets/application.css?body=1" for 127.0.0.1 at 2014-01-14 13:31:10 -0700
Served asset /application.css - 200 OK (0ms)


Started GET "/assets/layout.css?body=1" for 127.0.0.1 at 2014-01-14 13:31:10 -0700
Served asset /layout.css - 304 Not Modified (0ms)


Started GET "/assets/jquery_ujs.js?body=1" for 127.0.0.1 at 2014-01-14 13:31:10 -0700
Served asset /jquery_ujs.js - 304 Not Modified (0ms)


Started GET "/assets/jquery.js?body=1" for 127.0.0.1 at 2014-01-14 13:31:10 -0700
Served asset /jquery.js - 304 Not Modified (0ms)


Started GET "/assets/paintings.css?body=1" for 127.0.0.1 at 2014-01-14 13:31:10 -0700
Served asset /paintings.css - 304 Not Modified (0ms)


Started GET "/assets/paintings.js?body=1" for 127.0.0.1 at 2014-01-14 13:31:10 -0700
Served asset /paintings.js - 304 Not Modified (0ms)


Started GET "/assets/application.js?body=1" for 127.0.0.1 at 2014-01-14 13:31:10 -0700
Served asset /application.js - 200 OK (0ms)


Started GET "/paintings" for 127.0.0.1 at 2014-01-14 13:31:12 -0700
Processing by PaintingsController#index as HTML
  [1m[36mPainting Load (0.1ms)[0m  [1mSELECT "paintings".* FROM "paintings" [0m
  Rendered paintings/_painting.html.erb (1.9ms)
  Rendered paintings/index.html.erb within layouts/application (4.7ms)
Completed 200 OK in 11ms (Views: 9.5ms | ActiveRecord: 0.1ms)


Started GET "/assets/paintings.css?body=1" for 127.0.0.1 at 2014-01-14 13:31:12 -0700
Served asset /paintings.css - 304 Not Modified (0ms)


Started GET "/assets/application.css?body=1" for 127.0.0.1 at 2014-01-14 13:31:12 -0700
Served asset /application.css - 200 OK (0ms)


Started GET "/assets/layout.css?body=1" for 127.0.0.1 at 2014-01-14 13:31:12 -0700
Served asset /layout.css - 304 Not Modified (0ms)


Started GET "/assets/jquery.js?body=1" for 127.0.0.1 at 2014-01-14 13:31:12 -0700
Served asset /jquery.js - 304 Not Modified (0ms)


Started GET "/assets/paintings.js?body=1" for 127.0.0.1 at 2014-01-14 13:31:12 -0700
Served asset /paintings.js - 304 Not Modified (0ms)


Started GET "/assets/jquery_ujs.js?body=1" for 127.0.0.1 at 2014-01-14 13:31:12 -0700
Served asset /jquery_ujs.js - 304 Not Modified (0ms)


Started GET "/assets/application.js?body=1" for 127.0.0.1 at 2014-01-14 13:31:12 -0700
Served asset /application.js - 200 OK (0ms)


Started GET "/paintings" for 127.0.0.1 at 2014-01-14 13:31:15 -0700
Processing by PaintingsController#index as HTML
  [1m[35mPainting Load (0.2ms)[0m  SELECT "paintings".* FROM "paintings" 
  Rendered paintings/_painting.html.erb (2.1ms)
  Rendered paintings/index.html.erb within layouts/application (5.4ms)
Completed 200 OK in 13ms (Views: 11.1ms | ActiveRecord: 0.2ms)


Started GET "/assets/application.css?body=1" for 127.0.0.1 at 2014-01-14 13:31:15 -0700
Served asset /application.css - 200 OK (0ms)


Started GET "/assets/paintings.css?body=1" for 127.0.0.1 at 2014-01-14 13:31:15 -0700
Served asset /paintings.css - 304 Not Modified (0ms)


Started GET "/assets/paintings.js?body=1" for 127.0.0.1 at 2014-01-14 13:31:15 -0700
Served asset /paintings.js - 304 Not Modified (0ms)


Started GET "/assets/jquery_ujs.js?body=1" for 127.0.0.1 at 2014-01-14 13:31:15 -0700
Served asset /jquery_ujs.js - 304 Not Modified (0ms)


Started GET "/assets/layout.css?body=1" for 127.0.0.1 at 2014-01-14 13:31:15 -0700
Served asset /layout.css - 304 Not Modified (0ms)


Started GET "/assets/jquery.js?body=1" for 127.0.0.1 at 2014-01-14 13:31:15 -0700
Served asset /jquery.js - 304 Not Modified (0ms)


Started GET "/assets/application.js?body=1" for 127.0.0.1 at 2014-01-14 13:31:15 -0700
Served asset /application.js - 200 OK (0ms)


Started GET "/paintings" for 127.0.0.1 at 2014-01-14 13:31:16 -0700
Processing by PaintingsController#index as HTML
  [1m[36mPainting Load (0.2ms)[0m  [1mSELECT "paintings".* FROM "paintings" [0m
  Rendered paintings/_painting.html.erb (2.1ms)
  Rendered paintings/index.html.erb within layouts/application (5.2ms)
Completed 200 OK in 12ms (Views: 10.3ms | ActiveRecord: 0.2ms)


Started GET "/assets/layout.css?body=1" for 127.0.0.1 at 2014-01-14 13:31:16 -0700
Served asset /layout.css - 304 Not Modified (0ms)


Started GET "/assets/application.css?body=1" for 127.0.0.1 at 2014-01-14 13:31:16 -0700
Served asset /application.css - 200 OK (0ms)


Started GET "/assets/paintings.css?body=1" for 127.0.0.1 at 2014-01-14 13:31:16 -0700
Served asset /paintings.css - 304 Not Modified (0ms)


Started GET "/assets/jquery.js?body=1" for 127.0.0.1 at 2014-01-14 13:31:16 -0700
Served asset /jquery.js - 304 Not Modified (0ms)


Started GET "/assets/jquery_ujs.js?body=1" for 127.0.0.1 at 2014-01-14 13:31:16 -0700
Served asset /jquery_ujs.js - 304 Not Modified (0ms)


Started GET "/assets/paintings.js?body=1" for 127.0.0.1 at 2014-01-14 13:31:16 -0700
Served asset /paintings.js - 304 Not Modified (0ms)


Started GET "/assets/application.js?body=1" for 127.0.0.1 at 2014-01-14 13:31:16 -0700
Served asset /application.js - 200 OK (0ms)


Started GET "/paintings" for 127.0.0.1 at 2014-01-14 13:31:19 -0700
Processing by PaintingsController#index as HTML
  [1m[35mPainting Load (27.3ms)[0m  SELECT "paintings".* FROM "paintings" 
  Rendered paintings/_painting.html.erb (1.9ms)
  Rendered paintings/index.html.erb within layouts/application (4.8ms)
Completed 200 OK in 39ms (Views: 10.1ms | ActiveRecord: 27.3ms)


Started GET "/assets/application.css?body=1" for 127.0.0.1 at 2014-01-14 13:31:19 -0700
Served asset /application.css - 200 OK (0ms)


Started GET "/assets/paintings.css?body=1" for 127.0.0.1 at 2014-01-14 13:31:19 -0700
Served asset /paintings.css - 304 Not Modified (0ms)


Started GET "/assets/jquery_ujs.js?body=1" for 127.0.0.1 at 2014-01-14 13:31:19 -0700
Served asset /jquery_ujs.js - 304 Not Modified (0ms)


Started GET "/assets/jquery.js?body=1" for 127.0.0.1 at 2014-01-14 13:31:19 -0700
Served asset /jquery.js - 304 Not Modified (0ms)


Started GET "/assets/paintings.js?body=1" for 127.0.0.1 at 2014-01-14 13:31:19 -0700
Served asset /paintings.js - 304 Not Modified (0ms)


Started GET "/assets/layout.css?body=1" for 127.0.0.1 at 2014-01-14 13:31:19 -0700
Served asset /layout.css - 304 Not Modified (0ms)


Started GET "/assets/application.js?body=1" for 127.0.0.1 at 2014-01-14 13:31:19 -0700
Served asset /application.js - 200 OK (0ms)


Started GET "/paintings" for 127.0.0.1 at 2014-01-14 13:31:22 -0700
Processing by PaintingsController#index as HTML
  [1m[36mPainting Load (0.1ms)[0m  [1mSELECT "paintings".* FROM "paintings" [0m
  Rendered paintings/_painting.html.erb (2.0ms)
  Rendered paintings/index.html.erb within layouts/application (5.1ms)
Completed 200 OK in 12ms (Views: 10.2ms | ActiveRecord: 0.1ms)


Started GET "/assets/application.css?body=1" for 127.0.0.1 at 2014-01-14 13:31:22 -0700
Served asset /application.css - 200 OK (0ms)


Started GET "/assets/jquery_ujs.js?body=1" for 127.0.0.1 at 2014-01-14 13:31:22 -0700
Served asset /jquery_ujs.js - 304 Not Modified (0ms)


Started GET "/assets/layout.css?body=1" for 127.0.0.1 at 2014-01-14 13:31:22 -0700
Served asset /layout.css - 304 Not Modified (0ms)


Started GET "/assets/paintings.js?body=1" for 127.0.0.1 at 2014-01-14 13:31:22 -0700
Served asset /paintings.js - 304 Not Modified (0ms)


Started GET "/assets/paintings.css?body=1" for 127.0.0.1 at 2014-01-14 13:31:22 -0700
Served asset /paintings.css - 304 Not Modified (0ms)


Started GET "/assets/jquery.js?body=1" for 127.0.0.1 at 2014-01-14 13:31:22 -0700
Served asset /jquery.js - 304 Not Modified (0ms)


Started GET "/assets/application.js?body=1" for 127.0.0.1 at 2014-01-14 13:31:22 -0700
Served asset /application.js - 200 OK (0ms)


Started GET "/paintings" for 127.0.0.1 at 2014-01-14 13:31:28 -0700
Processing by PaintingsController#index as HTML
  [1m[35mPainting Load (0.1ms)[0m  SELECT "paintings".* FROM "paintings" 
  Rendered paintings/_painting.html.erb (2.0ms)
  Rendered paintings/index.html.erb within layouts/application (5.0ms)
Completed 200 OK in 11ms (Views: 10.1ms | ActiveRecord: 0.1ms)


Started GET "/assets/application.css?body=1" for 127.0.0.1 at 2014-01-14 13:31:28 -0700
Served asset /application.css - 200 OK (0ms)


Started GET "/assets/jquery.js?body=1" for 127.0.0.1 at 2014-01-14 13:31:28 -0700
Served asset /jquery.js - 304 Not Modified (0ms)


Started GET "/assets/jquery_ujs.js?body=1" for 127.0.0.1 at 2014-01-14 13:31:28 -0700
Served asset /jquery_ujs.js - 304 Not Modified (0ms)


Started GET "/assets/paintings.js?body=1" for 127.0.0.1 at 2014-01-14 13:31:28 -0700
Served asset /paintings.js - 304 Not Modified (0ms)


Started GET "/assets/layout.css?body=1" for 127.0.0.1 at 2014-01-14 13:31:28 -0700
Served asset /layout.css - 304 Not Modified (0ms)


Started GET "/assets/paintings.css?body=1" for 127.0.0.1 at 2014-01-14 13:31:28 -0700
Served asset /paintings.css - 304 Not Modified (0ms)


Started GET "/assets/application.js?body=1" for 127.0.0.1 at 2014-01-14 13:31:28 -0700
Served asset /application.js - 200 OK (0ms)
Connecting to database specified by database.yml
  [1m[36mPainting Load (13.9ms)[0m  [1mSELECT "paintings".* FROM "paintings" WHERE "paintings"."id" = ? LIMIT 1[0m  [["id", 1]]
  [1m[35mPainting Load (11.6ms)[0m  SELECT "paintings".* FROM "paintings" WHERE "paintings"."id" = ? LIMIT 1  [["id", 3]]
  [1m[36mPainting Load (49.3ms)[0m  [1mSELECT "paintings".* FROM "paintings" WHERE "paintings"."id" = ? LIMIT 1[0m  [["id", 2]]
  [1m[35m (0.1ms)[0m  begin transaction
  [1m[36mPainting Load (0.1ms)[0m  [1mSELECT "paintings".* FROM "paintings" WHERE "paintings"."id" = ? LIMIT 1[0m  [["id", 3]]
  [1m[35m (0.3ms)[0m  UPDATE "paintings" SET "image" = 'abb89dc0-5f88-0131-1a75-2820663d42f0/sku_front_1.jpg', "updated_at" = '2014-01-14 20:32:45.130065' WHERE "paintings"."id" = 3
  [1m[36m (0.1ms)[0m  [1mbegin transaction[0m
  [1m[35mPainting Load (0.1ms)[0m  SELECT "paintings".* FROM "paintings" WHERE "paintings"."id" = ? LIMIT 1  [["id", 2]]
  [1m[36m (0.2ms)[0m  [1mUPDATE "paintings" SET "image" = '0d291ad0-5f88-0131-1a75-2820663d42f0/polygon.jpeg', "updated_at" = '2014-01-14 20:32:45.191658' WHERE "paintings"."id" = 2[0m
SQLite3::BusyException: database is locked: UPDATE "paintings" SET "image" = '0d291ad0-5f88-0131-1a75-2820663d42f0/polygon.jpeg', "updated_at" = '2014-01-14 20:32:45.191658' WHERE "paintings"."id" = 2
  [1m[35m (0.0ms)[0m  rollback transaction
  [1m[36m (0.7ms)[0m  [1mrollback transaction[0m
  [1m[35mPainting Load (0.1ms)[0m  SELECT "paintings".* FROM "paintings" WHERE "paintings"."id" = ? LIMIT 1  [["id", 1]]
  [1m[36mPainting Load (0.1ms)[0m  [1mSELECT "paintings".* FROM "paintings" WHERE "paintings"."id" = ? LIMIT 1[0m  [["id", 2]]
  [1m[35m (0.1ms)[0m  begin transaction
  [1m[36mPainting Load (0.1ms)[0m  [1mSELECT "paintings".* FROM "paintings" WHERE "paintings"."id" = ? LIMIT 1[0m  [["id", 2]]
  [1m[35m (0.2ms)[0m  UPDATE "paintings" SET "image" = '0d291ad0-5f88-0131-1a75-2820663d42f0/polygon.jpeg', "updated_at" = '2014-01-14 20:33:03.115539' WHERE "paintings"."id" = 2
  [1m[36m (0.7ms)[0m  [1mrollback transaction[0m
  [1m[35mPainting Load (0.2ms)[0m  SELECT "paintings".* FROM "paintings" WHERE "paintings"."id" = ? LIMIT 1  [["id", 3]]
  [1m[36m (0.1ms)[0m  [1mbegin transaction[0m
  [1m[35mPainting Load (0.1ms)[0m  SELECT "paintings".* FROM "paintings" WHERE "paintings"."id" = ? LIMIT 1  [["id", 3]]
  [1m[36m (0.2ms)[0m  [1mUPDATE "paintings" SET "image" = 'abb89dc0-5f88-0131-1a75-2820663d42f0/sku_front_1.jpg', "updated_at" = '2014-01-14 20:33:18.370381' WHERE "paintings"."id" = 3[0m
  [1m[35m (0.8ms)[0m  rollback transaction
  [1m[36mPainting Load (0.1ms)[0m  [1mSELECT "paintings".* FROM "paintings" WHERE "paintings"."id" = ? LIMIT 1[0m  [["id", 1]]
  [1m[35mPainting Load (0.1ms)[0m  SELECT "paintings".* FROM "paintings" WHERE "paintings"."id" = ? LIMIT 1  [["id", 2]]
  [1m[36m (0.1ms)[0m  [1mbegin transaction[0m
  [1m[35mPainting Load (0.1ms)[0m  SELECT "paintings".* FROM "paintings" WHERE "paintings"."id" = ? LIMIT 1  [["id", 2]]
  [1m[36m (0.2ms)[0m  [1mUPDATE "paintings" SET "image" = '0d291ad0-5f88-0131-1a75-2820663d42f0/polygon.jpeg', "updated_at" = '2014-01-14 20:33:33.300155' WHERE "paintings"."id" = 2[0m
  [1m[35m (0.6ms)[0m  rollback transaction
Connecting to database specified by database.yml
  [1m[36mPainting Load (34.3ms)[0m  [1mSELECT "paintings".* FROM "paintings" WHERE "paintings"."id" = ? LIMIT 1[0m  [["id", 3]]
  [1m[35mPainting Load (0.1ms)[0m  SELECT "paintings".* FROM "paintings" WHERE "paintings"."id" = ? LIMIT 1  [["id", 1]]
  [1m[36mPainting Load (0.1ms)[0m  [1mSELECT "paintings".* FROM "paintings" WHERE "paintings"."id" = ? LIMIT 1[0m  [["id", 2]]
  [1m[35m (0.1ms)[0m  begin transaction
  [1m[36mPainting Load (0.1ms)[0m  [1mSELECT "paintings".* FROM "paintings" WHERE "paintings"."id" = ? LIMIT 1[0m  [["id", 3]]
  [1m[35m (0.3ms)[0m  UPDATE "paintings" SET "image" = 'abb89dc0-5f88-0131-1a75-2820663d42f0/sku_front_1.jpg', "updated_at" = '2014-01-14 20:35:08.352126' WHERE "paintings"."id" = 3
  [1m[36m (0.1ms)[0m  [1mbegin transaction[0m
  [1m[35mPainting Load (0.1ms)[0m  SELECT "paintings".* FROM "paintings" WHERE "paintings"."id" = ? LIMIT 1  [["id", 2]]
  [1m[36m (0.2ms)[0m  [1mUPDATE "paintings" SET "image" = '0d291ad0-5f88-0131-1a75-2820663d42f0/polygon.jpeg', "updated_at" = '2014-01-14 20:35:08.532782' WHERE "paintings"."id" = 2[0m
SQLite3::BusyException: database is locked: UPDATE "paintings" SET "image" = '0d291ad0-5f88-0131-1a75-2820663d42f0/polygon.jpeg', "updated_at" = '2014-01-14 20:35:08.532782' WHERE "paintings"."id" = 2
  [1m[35m (0.0ms)[0m  rollback transaction
  [1m[36m (0.2ms)[0m  [1mrollback transaction[0m
Connecting to database specified by database.yml


Started GET "/paintings/new?bucket=o-meter-images&key=uploads%2Fc5299f30-5f88-0131-1a75-2820663d42f0%2F3amigos.gif&etag=%22ae8792c0bb8ebf10ff8ca9c2b2eb9b4e%22" for 127.0.0.1 at 2014-01-14 13:35:44 -0700
Processing by PaintingsController#new as HTML
  Parameters: {"bucket"=>"o-meter-images", "key"=>"uploads/c5299f30-5f88-0131-1a75-2820663d42f0/3amigos.gif", "etag"=>"\"ae8792c0bb8ebf10ff8ca9c2b2eb9b4e\""}
  Rendered paintings/_form.html.erb (64.4ms)
  Rendered paintings/new.html.erb within layouts/application (90.4ms)
Completed 200 OK in 381ms (Views: 250.2ms | ActiveRecord: 2.1ms)


Started GET "/assets/layout.css?body=1" for 127.0.0.1 at 2014-01-14 13:35:44 -0700
Served asset /layout.css - 304 Not Modified (1ms)


Started GET "/assets/paintings.css?body=1" for 127.0.0.1 at 2014-01-14 13:35:44 -0700
Served asset /paintings.css - 304 Not Modified (1ms)


Started GET "/assets/jquery.js?body=1" for 127.0.0.1 at 2014-01-14 13:35:44 -0700
Served asset /jquery.js - 304 Not Modified (2ms)


Started GET "/assets/paintings.js?body=1" for 127.0.0.1 at 2014-01-14 13:35:44 -0700
Served asset /paintings.js - 304 Not Modified (1ms)


Started GET "/assets/jquery_ujs.js?body=1" for 127.0.0.1 at 2014-01-14 13:35:44 -0700
Served asset /jquery_ujs.js - 304 Not Modified (2ms)


Started POST "/paintings" for 127.0.0.1 at 2014-01-14 13:35:51 -0700
Processing by PaintingsController#create as HTML
  Parameters: {"utf8"=>"✓", "authenticity_token"=>"9dnHsJKCenuY611WzL3f9q4VadaDTD3pB/d0f/mNSy4=", "painting"=>{"key"=>"uploads/c5299f30-5f88-0131-1a75-2820663d42f0/3amigos.gif", "name"=>"3 Amigos"}, "commit"=>"Create Painting"}
  [1m[36m (0.1ms)[0m  [1mbegin transaction[0m
  [1m[35mPainting Exists (0.2ms)[0m  SELECT 1 AS one FROM "paintings" WHERE "paintings"."image" = 'c5299f30-5f88-0131-1a75-2820663d42f0/3amigos.gif' LIMIT 1
  [1m[36mSQL (83.5ms)[0m  [1mINSERT INTO "paintings" ("created_at", "image", "image_processed", "name", "updated_at") VALUES (?, ?, ?, ?, ?)[0m  [["created_at", Tue, 14 Jan 2014 20:35:51 UTC +00:00], ["image", "c5299f30-5f88-0131-1a75-2820663d42f0/3amigos.gif"], ["image_processed", nil], ["name", "3 Amigos"], ["updated_at", Tue, 14 Jan 2014 20:35:51 UTC +00:00]]
  [1m[35mPainting Load (0.1ms)[0m  SELECT "paintings".* FROM "paintings" WHERE "paintings"."id" = ? LIMIT 1  [["id", 4]]
  [1m[36mPainting Load (0.1ms)[0m  [1mSELECT "paintings".* FROM "paintings" WHERE "paintings"."id" = ? LIMIT 1[0m  [["id", 3]]
  [1m[35m (0.1ms)[0m  begin transaction
  [1m[36mPainting Load (0.1ms)[0m  [1mSELECT "paintings".* FROM "paintings" WHERE "paintings"."id" = ? LIMIT 1[0m  [["id", 3]]
  [1m[35m (0.2ms)[0m  UPDATE "paintings" SET "image" = 'abb89dc0-5f88-0131-1a75-2820663d42f0/sku_front_1.jpg', "updated_at" = '2014-01-14 20:35:53.063855' WHERE "paintings"."id" = 3
SQLite3::BusyException: database is locked: UPDATE "paintings" SET "image" = 'abb89dc0-5f88-0131-1a75-2820663d42f0/sku_front_1.jpg', "updated_at" = '2014-01-14 20:35:53.063855' WHERE "paintings"."id" = 3
  [1m[36m (0.0ms)[0m  [1mrollback transaction[0m
  [1m[35m (5051.5ms)[0m  commit transaction
SQLite3::BusyException: database is locked: commit transaction
  [1m[36m (0.8ms)[0m  [1mrollback transaction[0m
Completed 500 Internal Server Error in 5463ms

ActiveRecord::StatementInvalid (SQLite3::BusyException: database is locked: commit transaction):
  app/controllers/paintings_controller.rb:18:in `create'


  Rendered /usr/local/rvm/gems/ruby-1.9.3-p194/gems/actionpack-3.2.8/lib/action_dispatch/middleware/templates/rescues/_trace.erb (1.6ms)
  Rendered /usr/local/rvm/gems/ruby-1.9.3-p194/gems/actionpack-3.2.8/lib/action_dispatch/middleware/templates/rescues/_request_and_response.erb (1.2ms)
  Rendered /usr/local/rvm/gems/ruby-1.9.3-p194/gems/actionpack-3.2.8/lib/action_dispatch/middleware/templates/rescues/diagnostics.erb within rescues/layout (10.1ms)
  [1m[35mPainting Load (0.1ms)[0m  SELECT "paintings".* FROM "paintings" WHERE "paintings"."id" = ? LIMIT 1  [["id", 4]]
  [1m[36mPainting Load (0.1ms)[0m  [1mSELECT "paintings".* FROM "paintings" WHERE "paintings"."id" = ? LIMIT 1[0m  [["id", 4]]


Started GET "/paintings" for 127.0.0.1 at 2014-01-14 13:36:46 -0700
Processing by PaintingsController#index as HTML
  [1m[35mPainting Load (0.1ms)[0m  SELECT "paintings".* FROM "paintings" 
  Rendered paintings/_painting.html.erb (3.6ms)
  Rendered paintings/index.html.erb within layouts/application (23.8ms)
Completed 200 OK in 39ms (Views: 29.8ms | ActiveRecord: 0.5ms)


Started GET "/assets/paintings.css?body=1" for 127.0.0.1 at 2014-01-14 13:36:46 -0700
Served asset /paintings.css - 304 Not Modified (0ms)


Started GET "/assets/jquery.js?body=1" for 127.0.0.1 at 2014-01-14 13:36:46 -0700
Served asset /jquery.js - 304 Not Modified (0ms)


Started GET "/assets/layout.css?body=1" for 127.0.0.1 at 2014-01-14 13:36:46 -0700
Served asset /layout.css - 304 Not Modified (0ms)


Started GET "/assets/jquery_ujs.js?body=1" for 127.0.0.1 at 2014-01-14 13:36:46 -0700
Served asset /jquery_ujs.js - 304 Not Modified (0ms)


Started GET "/assets/paintings.js?body=1" for 127.0.0.1 at 2014-01-14 13:36:46 -0700
Served asset /paintings.js - 304 Not Modified (0ms)
  [1m[35mPainting Load (0.1ms)[0m  SELECT "paintings".* FROM "paintings" WHERE "paintings"."id" = ? LIMIT 1  [["id", 1]]
  [1m[36mPainting Load (0.1ms)[0m  [1mSELECT "paintings".* FROM "paintings" WHERE "paintings"."id" = ? LIMIT 1[0m  [["id", 2]]
  [1m[35m (0.1ms)[0m  begin transaction
  [1m[36mPainting Load (0.1ms)[0m  [1mSELECT "paintings".* FROM "paintings" WHERE "paintings"."id" = ? LIMIT 1[0m  [["id", 2]]
  [1m[35m (0.2ms)[0m  UPDATE "paintings" SET "image" = '0d291ad0-5f88-0131-1a75-2820663d42f0/polygon.jpeg', "updated_at" = '2014-01-14 20:36:53.392569' WHERE "paintings"."id" = 2
  [1m[36m (0.7ms)[0m  [1mrollback transaction[0m


Started GET "/paintings/new?bucket=o-meter-images&key=uploads%2F82bafe70-5f89-0131-1a76-2820663d42f0%2Fsku_front_1.jpg&etag=%22c8981c5ce58d567c585c3edf2c23e7a6%22" for 127.0.0.1 at 2014-01-14 13:36:58 -0700
Processing by PaintingsController#new as HTML
  Parameters: {"bucket"=>"o-meter-images", "key"=>"uploads/82bafe70-5f89-0131-1a76-2820663d42f0/sku_front_1.jpg", "etag"=>"\"c8981c5ce58d567c585c3edf2c23e7a6\""}
  Rendered paintings/_form.html.erb (2.4ms)
  Rendered paintings/new.html.erb within layouts/application (3.5ms)
Completed 200 OK in 20ms (Views: 18.9ms | ActiveRecord: 0.0ms)


Started GET "/assets/layout.css?body=1" for 127.0.0.1 at 2014-01-14 13:36:58 -0700
Served asset /layout.css - 304 Not Modified (0ms)


Started GET "/assets/jquery.js?body=1" for 127.0.0.1 at 2014-01-14 13:36:58 -0700
Served asset /jquery.js - 304 Not Modified (0ms)


Started GET "/assets/paintings.css?body=1" for 127.0.0.1 at 2014-01-14 13:36:58 -0700
Served asset /paintings.css - 304 Not Modified (0ms)


Started GET "/assets/jquery_ujs.js?body=1" for 127.0.0.1 at 2014-01-14 13:36:58 -0700
Served asset /jquery_ujs.js - 304 Not Modified (0ms)


Started GET "/assets/paintings.js?body=1" for 127.0.0.1 at 2014-01-14 13:36:58 -0700
Served asset /paintings.js - 304 Not Modified (0ms)


Started POST "/paintings" for 127.0.0.1 at 2014-01-14 13:37:04 -0700
Processing by PaintingsController#create as HTML
  Parameters: {"utf8"=>"✓", "authenticity_token"=>"9dnHsJKCenuY611WzL3f9q4VadaDTD3pB/d0f/mNSy4=", "painting"=>{"key"=>"uploads/82bafe70-5f89-0131-1a76-2820663d42f0/sku_front_1.jpg", "name"=>"Sku 2"}, "commit"=>"Create Painting"}
  [1m[36m (0.1ms)[0m  [1mbegin transaction[0m
  [1m[35mPainting Exists (0.1ms)[0m  SELECT 1 AS one FROM "paintings" WHERE "paintings"."image" = '82bafe70-5f89-0131-1a76-2820663d42f0/sku_front_1.jpg' LIMIT 1
  [1m[36mSQL (0.4ms)[0m  [1mINSERT INTO "paintings" ("created_at", "image", "image_processed", "name", "updated_at") VALUES (?, ?, ?, ?, ?)[0m  [["created_at", Tue, 14 Jan 2014 20:37:04 UTC +00:00], ["image", "82bafe70-5f89-0131-1a76-2820663d42f0/sku_front_1.jpg"], ["image_processed", nil], ["name", "Sku 2"], ["updated_at", Tue, 14 Jan 2014 20:37:04 UTC +00:00]]
  [1m[35mPainting Load (0.1ms)[0m  SELECT "paintings".* FROM "paintings" WHERE "paintings"."id" = ? LIMIT 1  [["id", 4]]
  [1m[35m (5048.5ms)[0m  commit transaction
SQLite3::BusyException: database is locked: commit transaction
  [1m[36m (0.6ms)[0m  [1mrollback transaction[0m
Completed 500 Internal Server Error in 5057ms

ActiveRecord::StatementInvalid (SQLite3::BusyException: database is locked: commit transaction):
  app/controllers/paintings_controller.rb:18:in `create'


  Rendered /usr/local/rvm/gems/ruby-1.9.3-p194/gems/actionpack-3.2.8/lib/action_dispatch/middleware/templates/rescues/_trace.erb (2.6ms)
  Rendered /usr/local/rvm/gems/ruby-1.9.3-p194/gems/actionpack-3.2.8/lib/action_dispatch/middleware/templates/rescues/_request_and_response.erb (2.0ms)
  Rendered /usr/local/rvm/gems/ruby-1.9.3-p194/gems/actionpack-3.2.8/lib/action_dispatch/middleware/templates/rescues/diagnostics.erb within rescues/layout (14.4ms)
  [1m[36mPainting Load (0.1ms)[0m  [1mSELECT "paintings".* FROM "paintings" WHERE "paintings"."id" = ? LIMIT 1[0m  [["id", 4]]
  [1m[35mPainting Load (0.1ms)[0m  SELECT "paintings".* FROM "paintings" WHERE "paintings"."id" = ? LIMIT 1  [["id", 4]]
  [1m[36mPainting Load (0.1ms)[0m  [1mSELECT "paintings".* FROM "paintings" WHERE "paintings"."id" = ? LIMIT 1[0m  [["id", 3]]
  [1m[35m (0.1ms)[0m  begin transaction
  [1m[36mPainting Load (0.1ms)[0m  [1mSELECT "paintings".* FROM "paintings" WHERE "paintings"."id" = ? LIMIT 1[0m  [["id", 3]]
  [1m[35m (0.2ms)[0m  UPDATE "paintings" SET "image" = 'abb89dc0-5f88-0131-1a75-2820663d42f0/sku_front_1.jpg', "updated_at" = '2014-01-14 20:37:37.979604' WHERE "paintings"."id" = 3
  [1m[36m (0.8ms)[0m  [1mrollback transaction[0m
  [1m[35mPainting Load (0.1ms)[0m  SELECT "paintings".* FROM "paintings" WHERE "paintings"."id" = ? LIMIT 1  [["id", 4]]
  [1m[36mPainting Load (0.1ms)[0m  [1mSELECT "paintings".* FROM "paintings" WHERE "paintings"."id" = ? LIMIT 1[0m  [["id", 4]]
  [1m[35mPainting Load (0.1ms)[0m  SELECT "paintings".* FROM "paintings" WHERE "paintings"."id" = ? LIMIT 1  [["id", 4]]
  [1m[36mPainting Load (0.1ms)[0m  [1mSELECT "paintings".* FROM "paintings" WHERE "paintings"."id" = ? LIMIT 1[0m  [["id", 4]]
  [1m[35mPainting Load (0.1ms)[0m  SELECT "paintings".* FROM "paintings" WHERE "paintings"."id" = ? LIMIT 1  [["id", 1]]
  [1m[36mPainting Load (0.1ms)[0m  [1mSELECT "paintings".* FROM "paintings" WHERE "paintings"."id" = ? LIMIT 1[0m  [["id", 2]]
  [1m[35m (0.1ms)[0m  begin transaction
  [1m[36mPainting Load (0.1ms)[0m  [1mSELECT "paintings".* FROM "paintings" WHERE "paintings"."id" = ? LIMIT 1[0m  [["id", 2]]
  [1m[35m (0.2ms)[0m  UPDATE "paintings" SET "image" = '0d291ad0-5f88-0131-1a75-2820663d42f0/polygon.jpeg', "updated_at" = '2014-01-14 20:41:38.525236' WHERE "paintings"."id" = 2
  [1m[36m (0.7ms)[0m  [1mrollback transaction[0m
  [1m[35mPainting Load (0.1ms)[0m  SELECT "paintings".* FROM "paintings" WHERE "paintings"."id" = ? LIMIT 1  [["id", 3]]
  [1m[36m (0.1ms)[0m  [1mbegin transaction[0m
  [1m[35mPainting Load (0.1ms)[0m  SELECT "paintings".* FROM "paintings" WHERE "paintings"."id" = ? LIMIT 1  [["id", 3]]
  [1m[36m (0.3ms)[0m  [1mUPDATE "paintings" SET "image" = 'abb89dc0-5f88-0131-1a75-2820663d42f0/sku_front_1.jpg', "updated_at" = '2014-01-14 20:42:23.783752' WHERE "paintings"."id" = 3[0m
  [1m[35m (0.4ms)[0m  rollback transaction
  [1m[36mPainting Load (0.1ms)[0m  [1mSELECT "paintings".* FROM "paintings" WHERE "paintings"."id" = ? LIMIT 1[0m  [["id", 4]]
  [1m[35mPainting Load (0.0ms)[0m  SELECT "paintings".* FROM "paintings" WHERE "paintings"."id" = ? LIMIT 1  [["id", 4]]
  [1m[36mPainting Load (0.1ms)[0m  [1mSELECT "paintings".* FROM "paintings" WHERE "paintings"."id" = ? LIMIT 1[0m  [["id", 2]]
  [1m[35mPainting Load (0.1ms)[0m  SELECT "paintings".* FROM "paintings" WHERE "paintings"."id" = ? LIMIT 1  [["id", 1]]
  [1m[36m (0.1ms)[0m  [1mbegin transaction[0m
  [1m[35mPainting Load (0.1ms)[0m  SELECT "paintings".* FROM "paintings" WHERE "paintings"."id" = ? LIMIT 1  [["id", 2]]
  [1m[36m (0.2ms)[0m  [1mUPDATE "paintings" SET "image" = '0d291ad0-5f88-0131-1a75-2820663d42f0/polygon.jpeg', "updated_at" = '2014-01-14 20:52:24.419175' WHERE "paintings"."id" = 2[0m
  [1m[35m (0.5ms)[0m  rollback transaction
  [1m[36mPainting Load (0.1ms)[0m  [1mSELECT "paintings".* FROM "paintings" WHERE "paintings"."id" = ? LIMIT 1[0m  [["id", 3]]
  [1m[35m (0.1ms)[0m  begin transaction
  [1m[36mPainting Load (0.1ms)[0m  [1mSELECT "paintings".* FROM "paintings" WHERE "paintings"."id" = ? LIMIT 1[0m  [["id", 3]]
  [1m[35m (12.5ms)[0m  UPDATE "paintings" SET "image" = 'abb89dc0-5f88-0131-1a75-2820663d42f0/sku_front_1.jpg', "updated_at" = '2014-01-14 20:53:24.061906' WHERE "paintings"."id" = 3
  [1m[36m (0.5ms)[0m  [1mrollback transaction[0m
  [1m[35mPainting Load (0.1ms)[0m  SELECT "paintings".* FROM "paintings" WHERE "paintings"."id" = ? LIMIT 1  [["id", 4]]
  [1m[36mPainting Load (0.1ms)[0m  [1mSELECT "paintings".* FROM "paintings" WHERE "paintings"."id" = ? LIMIT 1[0m  [["id", 4]]


Started GET "/paintings/new?bucket=o-meter-images&key=uploads%2F82bafe70-5f89-0131-1a76-2820663d42f0%2FShowstopper+II.jpg&etag=%226113483754dcf893fadf394562838e0d%22" for 127.0.0.1 at 2014-01-14 14:09:14 -0700
Processing by PaintingsController#new as HTML
  Parameters: {"bucket"=>"o-meter-images", "key"=>"uploads/82bafe70-5f89-0131-1a76-2820663d42f0/Showstopper II.jpg", "etag"=>"\"6113483754dcf893fadf394562838e0d\""}
  Rendered paintings/_form.html.erb (4.2ms)
  Rendered paintings/new.html.erb within layouts/application (5.4ms)
Completed 200 OK in 20ms (Views: 12.0ms | ActiveRecord: 0.4ms)


Started GET "/assets/layout.css?body=1" for 127.0.0.1 at 2014-01-14 14:09:15 -0700
Served asset /layout.css - 304 Not Modified (0ms)


Started GET "/assets/paintings.css?body=1" for 127.0.0.1 at 2014-01-14 14:09:15 -0700
Served asset /paintings.css - 304 Not Modified (0ms)


Started GET "/assets/jquery.js?body=1" for 127.0.0.1 at 2014-01-14 14:09:15 -0700
Served asset /jquery.js - 304 Not Modified (0ms)


Started GET "/assets/jquery_ujs.js?body=1" for 127.0.0.1 at 2014-01-14 14:09:15 -0700
Served asset /jquery_ujs.js - 304 Not Modified (0ms)


Started GET "/assets/paintings.js?body=1" for 127.0.0.1 at 2014-01-14 14:09:15 -0700
Served asset /paintings.js - 304 Not Modified (0ms)


Started POST "/paintings" for 127.0.0.1 at 2014-01-14 14:09:19 -0700
Processing by PaintingsController#create as HTML
  Parameters: {"utf8"=>"✓", "authenticity_token"=>"9dnHsJKCenuY611WzL3f9q4VadaDTD3pB/d0f/mNSy4=", "painting"=>{"key"=>"uploads/82bafe70-5f89-0131-1a76-2820663d42f0/Showstopper II.jpg", "name"=>"ss"}, "commit"=>"Create Painting"}
  [1m[35m (0.1ms)[0m  begin transaction
  [1m[36mPainting Exists (0.1ms)[0m  [1mSELECT 1 AS one FROM "paintings" WHERE "paintings"."image" = '82bafe70-5f89-0131-1a76-2820663d42f0/Showstopper II.jpg' LIMIT 1[0m
  [1m[35mSQL (0.6ms)[0m  INSERT INTO "paintings" ("created_at", "image", "image_processed", "name", "updated_at") VALUES (?, ?, ?, ?, ?)  [["created_at", Tue, 14 Jan 2014 21:09:19 UTC +00:00], ["image", "82bafe70-5f89-0131-1a76-2820663d42f0/Showstopper II.jpg"], ["image_processed", nil], ["name", "ss"], ["updated_at", Tue, 14 Jan 2014 21:09:19 UTC +00:00]]
  [1m[36m (0.5ms)[0m  [1mrollback transaction[0m
Completed 500 Internal Server Error in 8ms

NameError (uninitialized constant Painting::ImageWorker):
  app/models/painting.rb:12:in `enqueue_image'
  app/controllers/paintings_controller.rb:18:in `create'


  Rendered /usr/local/rvm/gems/ruby-1.9.3-p194/gems/actionpack-3.2.8/lib/action_dispatch/middleware/templates/rescues/_trace.erb (1.7ms)
  Rendered /usr/local/rvm/gems/ruby-1.9.3-p194/gems/actionpack-3.2.8/lib/action_dispatch/middleware/templates/rescues/_request_and_response.erb (1.2ms)
  Rendered /usr/local/rvm/gems/ruby-1.9.3-p194/gems/actionpack-3.2.8/lib/action_dispatch/middleware/templates/rescues/diagnostics.erb within rescues/layout (11.1ms)
Connecting to database specified by database.yml


Started GET "/paintings/new?bucket=o-meter-images&key=uploads%2F82bafe70-5f89-0131-1a76-2820663d42f0%2Fnewspaper.jpg&etag=%22511055861cc03f3ab83f82fdfd7799b8%22" for 127.0.0.1 at 2014-01-14 14:10:40 -0700
Processing by PaintingsController#new as HTML
  Parameters: {"bucket"=>"o-meter-images", "key"=>"uploads/82bafe70-5f89-0131-1a76-2820663d42f0/newspaper.jpg", "etag"=>"\"511055861cc03f3ab83f82fdfd7799b8\""}
  Rendered paintings/_form.html.erb (286.6ms)
  Rendered paintings/new.html.erb within layouts/application (359.3ms)
Completed 200 OK in 695ms (Views: 560.6ms | ActiveRecord: 3.2ms)


Started GET "/assets/layout.css?body=1" for 127.0.0.1 at 2014-01-14 14:10:41 -0700
Served asset /layout.css - 304 Not Modified (1ms)


Started GET "/assets/jquery.js?body=1" for 127.0.0.1 at 2014-01-14 14:10:41 -0700
Served asset /jquery.js - 304 Not Modified (3ms)


Started GET "/assets/paintings.css?body=1" for 127.0.0.1 at 2014-01-14 14:10:41 -0700
Served asset /paintings.css - 304 Not Modified (1ms)


Started GET "/assets/jquery_ujs.js?body=1" for 127.0.0.1 at 2014-01-14 14:10:41 -0700
Served asset /jquery_ujs.js - 304 Not Modified (1ms)


Started GET "/assets/paintings.js?body=1" for 127.0.0.1 at 2014-01-14 14:10:41 -0700
Served asset /paintings.js - 304 Not Modified (1ms)


Started POST "/paintings" for 127.0.0.1 at 2014-01-14 14:10:44 -0700
Processing by PaintingsController#create as HTML
  Parameters: {"utf8"=>"✓", "authenticity_token"=>"9dnHsJKCenuY611WzL3f9q4VadaDTD3pB/d0f/mNSy4=", "painting"=>{"key"=>"uploads/82bafe70-5f89-0131-1a76-2820663d42f0/newspaper.jpg", "name"=>"np"}, "commit"=>"Create Painting"}
  [1m[36m (0.1ms)[0m  [1mbegin transaction[0m
  [1m[35mPainting Exists (0.1ms)[0m  SELECT 1 AS one FROM "paintings" WHERE "paintings"."image" = '82bafe70-5f89-0131-1a76-2820663d42f0/newspaper.jpg' LIMIT 1
  [1m[36mSQL (40.8ms)[0m  [1mINSERT INTO "paintings" ("created_at", "image", "image_processed", "name", "updated_at") VALUES (?, ?, ?, ?, ?)[0m  [["created_at", Tue, 14 Jan 2014 21:10:44 UTC +00:00], ["image", "82bafe70-5f89-0131-1a76-2820663d42f0/newspaper.jpg"], ["image_processed", nil], ["name", "np"], ["updated_at", Tue, 14 Jan 2014 21:10:44 UTC +00:00]]
  [1m[35m (5053.4ms)[0m  commit transaction
SQLite3::BusyException: database is locked: commit transaction
  [1m[36m (0.7ms)[0m  [1mrollback transaction[0m
Completed 500 Internal Server Error in 5216ms

ActiveRecord::StatementInvalid (SQLite3::BusyException: database is locked: commit transaction):
  app/controllers/paintings_controller.rb:18:in `create'


  Rendered /usr/local/rvm/gems/ruby-1.9.3-p194/gems/actionpack-3.2.8/lib/action_dispatch/middleware/templates/rescues/_trace.erb (1.5ms)
  Rendered /usr/local/rvm/gems/ruby-1.9.3-p194/gems/actionpack-3.2.8/lib/action_dispatch/middleware/templates/rescues/_request_and_response.erb (1.2ms)
  Rendered /usr/local/rvm/gems/ruby-1.9.3-p194/gems/actionpack-3.2.8/lib/action_dispatch/middleware/templates/rescues/diagnostics.erb within rescues/layout (8.8ms)


Started GET "/paintings/new?bucket=o-meter-images&key=uploads%2F82bafe70-5f89-0131-1a76-2820663d42f0%2Fcheckbox.jpeg&etag=%22be872010e5c084382d94e4a680e6ee93%22" for 127.0.0.1 at 2014-01-14 14:11:34 -0700
Processing by PaintingsController#new as HTML
  Parameters: {"bucket"=>"o-meter-images", "key"=>"uploads/82bafe70-5f89-0131-1a76-2820663d42f0/checkbox.jpeg", "etag"=>"\"be872010e5c084382d94e4a680e6ee93\""}
  Rendered paintings/_form.html.erb (2.5ms)
  Rendered paintings/new.html.erb within layouts/application (3.2ms)
Completed 200 OK in 9ms (Views: 8.5ms | ActiveRecord: 0.0ms)


Started GET "/assets/layout.css?body=1" for 127.0.0.1 at 2014-01-14 14:11:34 -0700
Served asset /layout.css - 304 Not Modified (0ms)


Started GET "/assets/jquery.js?body=1" for 127.0.0.1 at 2014-01-14 14:11:34 -0700
Served asset /jquery.js - 304 Not Modified (0ms)


Started GET "/assets/jquery_ujs.js?body=1" for 127.0.0.1 at 2014-01-14 14:11:34 -0700
Served asset /jquery_ujs.js - 304 Not Modified (0ms)


Started GET "/assets/paintings.css?body=1" for 127.0.0.1 at 2014-01-14 14:11:34 -0700
Served asset /paintings.css - 304 Not Modified (0ms)


Started GET "/assets/paintings.js?body=1" for 127.0.0.1 at 2014-01-14 14:11:34 -0700
Served asset /paintings.js - 304 Not Modified (0ms)


Started POST "/paintings" for 127.0.0.1 at 2014-01-14 14:11:36 -0700
Processing by PaintingsController#create as HTML
  Parameters: {"utf8"=>"✓", "authenticity_token"=>"9dnHsJKCenuY611WzL3f9q4VadaDTD3pB/d0f/mNSy4=", "painting"=>{"key"=>"uploads/82bafe70-5f89-0131-1a76-2820663d42f0/checkbox.jpeg", "name"=>"cb"}, "commit"=>"Create Painting"}
  [1m[35m (0.1ms)[0m  begin transaction
  [1m[36mPainting Exists (0.1ms)[0m  [1mSELECT 1 AS one FROM "paintings" WHERE "paintings"."image" = '82bafe70-5f89-0131-1a76-2820663d42f0/checkbox.jpeg' LIMIT 1[0m
  [1m[35mSQL (0.4ms)[0m  INSERT INTO "paintings" ("created_at", "image", "image_processed", "name", "updated_at") VALUES (?, ?, ?, ?, ?)  [["created_at", Tue, 14 Jan 2014 21:11:36 UTC +00:00], ["image", "82bafe70-5f89-0131-1a76-2820663d42f0/checkbox.jpeg"], ["image_processed", nil], ["name", "cb"], ["updated_at", Tue, 14 Jan 2014 21:11:36 UTC +00:00]]
  [1m[36m (1.2ms)[0m  [1mcommit transaction[0m
Redirected to http://localhost:3000/paintings
Completed 302 Found in 7ms (ActiveRecord: 1.8ms)


Started GET "/paintings" for 127.0.0.1 at 2014-01-14 14:11:36 -0700
Processing by PaintingsController#index as HTML
  [1m[35mPainting Load (0.2ms)[0m  SELECT "paintings".* FROM "paintings" 
  Rendered paintings/_painting.html.erb (5.2ms)
  Rendered paintings/index.html.erb within layouts/application (44.9ms)
Completed 200 OK in 74ms (Views: 71.8ms | ActiveRecord: 0.2ms)


Started GET "/assets/paintings.css?body=1" for 127.0.0.1 at 2014-01-14 14:11:36 -0700
Served asset /paintings.css - 304 Not Modified (0ms)


Started GET "/assets/jquery_ujs.js?body=1" for 127.0.0.1 at 2014-01-14 14:11:36 -0700
Served asset /jquery_ujs.js - 304 Not Modified (0ms)


Started GET "/assets/jquery.js?body=1" for 127.0.0.1 at 2014-01-14 14:11:37 -0700
Served asset /jquery.js - 304 Not Modified (0ms)


Started GET "/assets/layout.css?body=1" for 127.0.0.1 at 2014-01-14 14:11:37 -0700
Served asset /layout.css - 304 Not Modified (0ms)


Started GET "/assets/paintings.js?body=1" for 127.0.0.1 at 2014-01-14 14:11:37 -0700
Served asset /paintings.js - 304 Not Modified (0ms)


Started GET "/paintings" for 127.0.0.1 at 2014-01-14 14:11:40 -0700
Processing by PaintingsController#index as HTML
  [1m[36mPainting Load (0.2ms)[0m  [1mSELECT "paintings".* FROM "paintings" [0m
  Rendered paintings/_painting.html.erb (2.5ms)
  Rendered paintings/index.html.erb within layouts/application (5.2ms)
Completed 200 OK in 12ms (Views: 10.1ms | ActiveRecord: 0.2ms)


Started GET "/assets/layout.css?body=1" for 127.0.0.1 at 2014-01-14 14:11:40 -0700
Served asset /layout.css - 304 Not Modified (0ms)


Started GET "/assets/paintings.css?body=1" for 127.0.0.1 at 2014-01-14 14:11:40 -0700
Served asset /paintings.css - 304 Not Modified (0ms)


Started GET "/assets/jquery_ujs.js?body=1" for 127.0.0.1 at 2014-01-14 14:11:40 -0700
Served asset /jquery_ujs.js - 304 Not Modified (0ms)


Started GET "/assets/application.css?body=1" for 127.0.0.1 at 2014-01-14 14:11:40 -0700
Served asset /application.css - 200 OK (3ms)


Started GET "/assets/jquery.js?body=1" for 127.0.0.1 at 2014-01-14 14:11:40 -0700
Served asset /jquery.js - 304 Not Modified (0ms)


Started GET "/assets/paintings.js?body=1" for 127.0.0.1 at 2014-01-14 14:11:40 -0700
Served asset /paintings.js - 304 Not Modified (0ms)


Started GET "/assets/application.js?body=1" for 127.0.0.1 at 2014-01-14 14:11:40 -0700
Served asset /application.js - 200 OK (4ms)


Started GET "/paintings" for 127.0.0.1 at 2014-01-14 14:11:42 -0700
Processing by PaintingsController#index as HTML
  [1m[35mPainting Load (0.2ms)[0m  SELECT "paintings".* FROM "paintings" 
  Rendered paintings/_painting.html.erb (2.6ms)
  Rendered paintings/index.html.erb within layouts/application (5.4ms)
Completed 200 OK in 48ms (Views: 47.0ms | ActiveRecord: 0.2ms)


Started GET "/assets/layout.css?body=1" for 127.0.0.1 at 2014-01-14 14:11:42 -0700
Served asset /layout.css - 304 Not Modified (0ms)


Started GET "/assets/paintings.css?body=1" for 127.0.0.1 at 2014-01-14 14:11:42 -0700
Served asset /paintings.css - 304 Not Modified (0ms)


Started GET "/assets/jquery_ujs.js?body=1" for 127.0.0.1 at 2014-01-14 14:11:42 -0700
Served asset /jquery_ujs.js - 304 Not Modified (0ms)


Started GET "/assets/jquery.js?body=1" for 127.0.0.1 at 2014-01-14 14:11:42 -0700
Served asset /jquery.js - 304 Not Modified (0ms)


Started GET "/assets/application.css?body=1" for 127.0.0.1 at 2014-01-14 14:11:42 -0700
Served asset /application.css - 200 OK (0ms)


Started GET "/assets/paintings.js?body=1" for 127.0.0.1 at 2014-01-14 14:11:42 -0700
Served asset /paintings.js - 304 Not Modified (0ms)


Started GET "/assets/application.js?body=1" for 127.0.0.1 at 2014-01-14 14:11:42 -0700
Served asset /application.js - 200 OK (0ms)


Started GET "/paintings" for 127.0.0.1 at 2014-01-14 14:11:44 -0700
Processing by PaintingsController#index as HTML
  [1m[36mPainting Load (0.2ms)[0m  [1mSELECT "paintings".* FROM "paintings" [0m
  Rendered paintings/_painting.html.erb (2.5ms)
  Rendered paintings/index.html.erb within layouts/application (5.5ms)
Completed 200 OK in 12ms (Views: 10.7ms | ActiveRecord: 0.2ms)


Started GET "/assets/application.css?body=1" for 127.0.0.1 at 2014-01-14 14:11:44 -0700
Served asset /application.css - 200 OK (0ms)


Started GET "/assets/jquery_ujs.js?body=1" for 127.0.0.1 at 2014-01-14 14:11:44 -0700
Served asset /jquery_ujs.js - 304 Not Modified (0ms)


Started GET "/assets/layout.css?body=1" for 127.0.0.1 at 2014-01-14 14:11:44 -0700
Served asset /layout.css - 304 Not Modified (0ms)


Started GET "/assets/jquery.js?body=1" for 127.0.0.1 at 2014-01-14 14:11:44 -0700
Served asset /jquery.js - 304 Not Modified (0ms)


Started GET "/assets/paintings.js?body=1" for 127.0.0.1 at 2014-01-14 14:11:44 -0700
Served asset /paintings.js - 304 Not Modified (0ms)


Started GET "/assets/paintings.css?body=1" for 127.0.0.1 at 2014-01-14 14:11:44 -0700
Served asset /paintings.css - 304 Not Modified (0ms)


Started GET "/assets/application.js?body=1" for 127.0.0.1 at 2014-01-14 14:11:44 -0700
Served asset /application.js - 200 OK (0ms)
